[2022-11-21T04:33:39.207+0000] {taskinstance.py:1165} INFO - Dependencies all met for <TaskInstance: ETL.Load scheduled__2022-11-20T00:00:00+00:00 [queued]>
[2022-11-21T04:33:39.237+0000] {taskinstance.py:1165} INFO - Dependencies all met for <TaskInstance: ETL.Load scheduled__2022-11-20T00:00:00+00:00 [queued]>
[2022-11-21T04:33:39.238+0000] {taskinstance.py:1362} INFO - 
--------------------------------------------------------------------------------
[2022-11-21T04:33:39.242+0000] {taskinstance.py:1363} INFO - Starting attempt 1 of 1
[2022-11-21T04:33:39.279+0000] {taskinstance.py:1364} INFO - 
--------------------------------------------------------------------------------
[2022-11-21T04:33:39.385+0000] {taskinstance.py:1383} INFO - Executing <Task(PythonOperator): Load> on 2022-11-20 00:00:00+00:00
[2022-11-21T04:33:39.423+0000] {standard_task_runner.py:55} INFO - Started process 212 to run task
[2022-11-21T04:33:39.440+0000] {standard_task_runner.py:82} INFO - Running: ['***', 'tasks', 'run', 'ETL', 'Load', 'scheduled__2022-11-20T00:00:00+00:00', '--job-id', '4', '--raw', '--subdir', 'DAGS_FOLDER/DAG_etl_testDef.py', '--cfg-path', '/tmp/tmpls0fe60l']
[2022-11-21T04:33:39.445+0000] {standard_task_runner.py:83} INFO - Job 4: Subtask Load
[2022-11-21T04:33:39.660+0000] {task_command.py:376} INFO - Running <TaskInstance: ETL.Load scheduled__2022-11-20T00:00:00+00:00 [running]> on host 0d6a4c0cc4a1
[2022-11-21T04:33:39.783+0000] {taskinstance.py:1592} INFO - Exporting the following env vars:
AIRFLOW_CTX_DAG_OWNER=***
AIRFLOW_CTX_DAG_ID=ETL
AIRFLOW_CTX_TASK_ID=Load
AIRFLOW_CTX_EXECUTION_DATE=2022-11-20T00:00:00+00:00
AIRFLOW_CTX_TRY_NUMBER=1
AIRFLOW_CTX_DAG_RUN_ID=scheduled__2022-11-20T00:00:00+00:00
[2022-11-21T04:33:39.784+0000] {logging_mixin.py:120} INFO - Prueba Load EXITOSO!
[2022-11-21T04:33:39.785+0000] {python.py:177} INFO - Done. Returned value was: None
[2022-11-21T04:33:39.798+0000] {taskinstance.py:1406} INFO - Marking task as SUCCESS. dag_id=ETL, task_id=Load, execution_date=20221120T000000, start_date=20221121T043339, end_date=20221121T043339
[2022-11-21T04:33:39.864+0000] {local_task_job.py:164} INFO - Task exited with return code 0
[2022-11-21T04:33:39.913+0000] {local_task_job.py:273} INFO - 1 downstream tasks scheduled from follow-on schedule check
