[2022-11-21T04:32:19.451+0000] {processor.py:154} INFO - Started process (PID=178) to work on /opt/airflow/dags/sample_dag.py
[2022-11-21T04:32:19.453+0000] {processor.py:756} INFO - Processing file /opt/airflow/dags/sample_dag.py for tasks to queue
[2022-11-21T04:32:19.457+0000] {logging_mixin.py:120} INFO - [2022-11-21T04:32:19.457+0000] {dagbag.py:537} INFO - Filling up the DagBag from /opt/airflow/dags/sample_dag.py
[2022-11-21T04:32:19.639+0000] {processor.py:766} INFO - DAG(s) dict_keys(['first_sample_dag']) retrieved from /opt/airflow/dags/sample_dag.py
[2022-11-21T04:32:20.906+0000] {logging_mixin.py:120} INFO - [2022-11-21T04:32:20.906+0000] {manager.py:507} INFO - Created Permission View: can edit on DAG:first_sample_dag
[2022-11-21T04:32:20.952+0000] {logging_mixin.py:120} INFO - [2022-11-21T04:32:20.951+0000] {manager.py:507} INFO - Created Permission View: can read on DAG:first_sample_dag
[2022-11-21T04:32:20.978+0000] {logging_mixin.py:120} INFO - [2022-11-21T04:32:20.978+0000] {manager.py:507} INFO - Created Permission View: can delete on DAG:first_sample_dag
[2022-11-21T04:32:20.982+0000] {logging_mixin.py:120} INFO - [2022-11-21T04:32:20.982+0000] {dag.py:2585} INFO - Sync 1 DAGs
[2022-11-21T04:32:21.040+0000] {logging_mixin.py:120} INFO - [2022-11-21T04:32:21.039+0000] {dag.py:2606} INFO - Creating ORM DAG for first_sample_dag
[2022-11-21T04:32:21.066+0000] {logging_mixin.py:120} INFO - [2022-11-21T04:32:21.066+0000] {dag.py:3340} INFO - Setting next_dagrun for first_sample_dag to 2022-11-20T00:00:00+00:00, run_after=2022-11-21T00:00:00+00:00
[2022-11-21T04:32:21.104+0000] {processor.py:176} INFO - Processing /opt/airflow/dags/sample_dag.py took 1.658 seconds
[2022-11-21T04:32:52.126+0000] {processor.py:154} INFO - Started process (PID=190) to work on /opt/airflow/dags/sample_dag.py
[2022-11-21T04:32:52.129+0000] {processor.py:756} INFO - Processing file /opt/airflow/dags/sample_dag.py for tasks to queue
[2022-11-21T04:32:52.131+0000] {logging_mixin.py:120} INFO - [2022-11-21T04:32:52.131+0000] {dagbag.py:537} INFO - Filling up the DagBag from /opt/airflow/dags/sample_dag.py
[2022-11-21T04:32:52.209+0000] {processor.py:766} INFO - DAG(s) dict_keys(['first_sample_dag']) retrieved from /opt/airflow/dags/sample_dag.py
[2022-11-21T04:32:52.683+0000] {logging_mixin.py:120} INFO - [2022-11-21T04:32:52.682+0000] {dag.py:2585} INFO - Sync 1 DAGs
[2022-11-21T04:32:52.719+0000] {logging_mixin.py:120} INFO - [2022-11-21T04:32:52.718+0000] {dag.py:3340} INFO - Setting next_dagrun for first_sample_dag to 2022-11-20T00:00:00+00:00, run_after=2022-11-21T00:00:00+00:00
[2022-11-21T04:32:52.758+0000] {processor.py:176} INFO - Processing /opt/airflow/dags/sample_dag.py took 0.641 seconds
[2022-11-21T04:33:23.174+0000] {processor.py:154} INFO - Started process (PID=199) to work on /opt/airflow/dags/sample_dag.py
[2022-11-21T04:33:23.182+0000] {processor.py:756} INFO - Processing file /opt/airflow/dags/sample_dag.py for tasks to queue
[2022-11-21T04:33:23.183+0000] {logging_mixin.py:120} INFO - [2022-11-21T04:33:23.183+0000] {dagbag.py:537} INFO - Filling up the DagBag from /opt/airflow/dags/sample_dag.py
[2022-11-21T04:33:23.274+0000] {processor.py:766} INFO - DAG(s) dict_keys(['first_sample_dag']) retrieved from /opt/airflow/dags/sample_dag.py
[2022-11-21T04:33:24.081+0000] {logging_mixin.py:120} INFO - [2022-11-21T04:33:24.080+0000] {dag.py:2585} INFO - Sync 1 DAGs
[2022-11-21T04:33:24.273+0000] {logging_mixin.py:120} INFO - [2022-11-21T04:33:24.273+0000] {dag.py:3340} INFO - Setting next_dagrun for first_sample_dag to 2022-11-20T00:00:00+00:00, run_after=2022-11-21T00:00:00+00:00
[2022-11-21T04:33:24.455+0000] {processor.py:176} INFO - Processing /opt/airflow/dags/sample_dag.py took 1.288 seconds
[2022-11-21T04:33:54.842+0000] {processor.py:154} INFO - Started process (PID=222) to work on /opt/airflow/dags/sample_dag.py
[2022-11-21T04:33:54.845+0000] {processor.py:756} INFO - Processing file /opt/airflow/dags/sample_dag.py for tasks to queue
[2022-11-21T04:33:54.848+0000] {logging_mixin.py:120} INFO - [2022-11-21T04:33:54.847+0000] {dagbag.py:537} INFO - Filling up the DagBag from /opt/airflow/dags/sample_dag.py
[2022-11-21T04:33:54.886+0000] {processor.py:766} INFO - DAG(s) dict_keys(['first_sample_dag']) retrieved from /opt/airflow/dags/sample_dag.py
[2022-11-21T04:33:55.166+0000] {logging_mixin.py:120} INFO - [2022-11-21T04:33:55.166+0000] {dag.py:2585} INFO - Sync 1 DAGs
[2022-11-21T04:33:55.205+0000] {logging_mixin.py:120} INFO - [2022-11-21T04:33:55.205+0000] {dag.py:3340} INFO - Setting next_dagrun for first_sample_dag to 2022-11-20T00:00:00+00:00, run_after=2022-11-21T00:00:00+00:00
[2022-11-21T04:33:55.241+0000] {processor.py:176} INFO - Processing /opt/airflow/dags/sample_dag.py took 0.405 seconds
[2022-11-21T04:34:29.171+0000] {logging_mixin.py:120} INFO - [2022-11-21T04:34:29.169+0000] {process_utils.py:256} INFO - Waiting up to 5 seconds for processes to exit...
