[2022-11-12T13:50:27.017+0000] {processor.py:154} INFO - Started process (PID=178) to work on /opt/airflow/dags/DAG_etl.py
[2022-11-12T13:50:27.027+0000] {processor.py:756} INFO - Processing file /opt/airflow/dags/DAG_etl.py for tasks to queue
[2022-11-12T13:50:27.037+0000] {logging_mixin.py:120} INFO - [2022-11-12T13:50:27.036+0000] {dagbag.py:537} INFO - Filling up the DagBag from /opt/airflow/dags/DAG_etl.py
[2022-11-12T13:50:28.620+0000] {processor.py:766} INFO - DAG(s) dict_keys(['ETL']) retrieved from /opt/airflow/dags/DAG_etl.py
[2022-11-12T13:50:28.699+0000] {logging_mixin.py:120} INFO - [2022-11-12T13:50:28.699+0000] {dag.py:2585} INFO - Sync 1 DAGs
[2022-11-12T13:50:28.778+0000] {logging_mixin.py:120} INFO - [2022-11-12T13:50:28.777+0000] {dag.py:3340} INFO - Setting next_dagrun for ETL to 2022-11-11T00:00:00+00:00, run_after=2022-11-12T00:00:00+00:00
[2022-11-12T13:50:28.841+0000] {processor.py:176} INFO - Processing /opt/airflow/dags/DAG_etl.py took 1.844 seconds
[2022-11-12T13:50:59.124+0000] {processor.py:154} INFO - Started process (PID=195) to work on /opt/airflow/dags/DAG_etl.py
[2022-11-12T13:50:59.132+0000] {processor.py:756} INFO - Processing file /opt/airflow/dags/DAG_etl.py for tasks to queue
[2022-11-12T13:50:59.136+0000] {logging_mixin.py:120} INFO - [2022-11-12T13:50:59.135+0000] {dagbag.py:537} INFO - Filling up the DagBag from /opt/airflow/dags/DAG_etl.py
[2022-11-12T13:51:00.115+0000] {processor.py:766} INFO - DAG(s) dict_keys(['ETL']) retrieved from /opt/airflow/dags/DAG_etl.py
[2022-11-12T13:51:00.233+0000] {logging_mixin.py:120} INFO - [2022-11-12T13:51:00.233+0000] {dag.py:2585} INFO - Sync 1 DAGs
[2022-11-12T13:51:00.283+0000] {logging_mixin.py:120} INFO - [2022-11-12T13:51:00.283+0000] {dag.py:3340} INFO - Setting next_dagrun for ETL to 2022-11-11T00:00:00+00:00, run_after=2022-11-12T00:00:00+00:00
[2022-11-12T13:51:00.324+0000] {processor.py:176} INFO - Processing /opt/airflow/dags/DAG_etl.py took 1.206 seconds
[2022-11-12T13:51:30.655+0000] {processor.py:154} INFO - Started process (PID=216) to work on /opt/airflow/dags/DAG_etl.py
[2022-11-12T13:51:30.658+0000] {processor.py:756} INFO - Processing file /opt/airflow/dags/DAG_etl.py for tasks to queue
[2022-11-12T13:51:30.662+0000] {logging_mixin.py:120} INFO - [2022-11-12T13:51:30.662+0000] {dagbag.py:537} INFO - Filling up the DagBag from /opt/airflow/dags/DAG_etl.py
[2022-11-12T13:51:31.530+0000] {processor.py:766} INFO - DAG(s) dict_keys(['ETL']) retrieved from /opt/airflow/dags/DAG_etl.py
[2022-11-12T13:51:31.583+0000] {logging_mixin.py:120} INFO - [2022-11-12T13:51:31.582+0000] {dag.py:2585} INFO - Sync 1 DAGs
[2022-11-12T13:51:31.631+0000] {logging_mixin.py:120} INFO - [2022-11-12T13:51:31.631+0000] {dag.py:3340} INFO - Setting next_dagrun for ETL to 2022-11-12T00:00:00+00:00, run_after=2022-11-13T00:00:00+00:00
[2022-11-12T13:51:31.661+0000] {processor.py:176} INFO - Processing /opt/airflow/dags/DAG_etl.py took 1.014 seconds
[2022-11-12T13:52:01.821+0000] {processor.py:154} INFO - Started process (PID=237) to work on /opt/airflow/dags/DAG_etl.py
[2022-11-12T13:52:01.824+0000] {processor.py:756} INFO - Processing file /opt/airflow/dags/DAG_etl.py for tasks to queue
[2022-11-12T13:52:01.827+0000] {logging_mixin.py:120} INFO - [2022-11-12T13:52:01.826+0000] {dagbag.py:537} INFO - Filling up the DagBag from /opt/airflow/dags/DAG_etl.py
[2022-11-12T13:52:02.323+0000] {processor.py:766} INFO - DAG(s) dict_keys(['ETL']) retrieved from /opt/airflow/dags/DAG_etl.py
[2022-11-12T13:52:02.356+0000] {logging_mixin.py:120} INFO - [2022-11-12T13:52:02.356+0000] {dag.py:2585} INFO - Sync 1 DAGs
[2022-11-12T13:52:02.396+0000] {logging_mixin.py:120} INFO - [2022-11-12T13:52:02.396+0000] {dag.py:3340} INFO - Setting next_dagrun for ETL to 2022-11-12T00:00:00+00:00, run_after=2022-11-13T00:00:00+00:00
[2022-11-12T13:52:02.428+0000] {processor.py:176} INFO - Processing /opt/airflow/dags/DAG_etl.py took 0.615 seconds
[2022-11-12T13:52:32.767+0000] {processor.py:154} INFO - Started process (PID=256) to work on /opt/airflow/dags/DAG_etl.py
[2022-11-12T13:52:32.769+0000] {processor.py:756} INFO - Processing file /opt/airflow/dags/DAG_etl.py for tasks to queue
[2022-11-12T13:52:32.772+0000] {logging_mixin.py:120} INFO - [2022-11-12T13:52:32.772+0000] {dagbag.py:537} INFO - Filling up the DagBag from /opt/airflow/dags/DAG_etl.py
[2022-11-12T13:52:33.545+0000] {processor.py:766} INFO - DAG(s) dict_keys(['ETL']) retrieved from /opt/airflow/dags/DAG_etl.py
[2022-11-12T13:52:33.674+0000] {logging_mixin.py:120} INFO - [2022-11-12T13:52:33.674+0000] {dag.py:2585} INFO - Sync 1 DAGs
[2022-11-12T13:52:33.713+0000] {logging_mixin.py:120} INFO - [2022-11-12T13:52:33.713+0000] {dag.py:3340} INFO - Setting next_dagrun for ETL to 2022-11-12T00:00:00+00:00, run_after=2022-11-13T00:00:00+00:00
[2022-11-12T13:52:33.743+0000] {processor.py:176} INFO - Processing /opt/airflow/dags/DAG_etl.py took 0.983 seconds
[2022-11-12T13:53:04.564+0000] {processor.py:154} INFO - Started process (PID=272) to work on /opt/airflow/dags/DAG_etl.py
[2022-11-12T13:53:04.566+0000] {processor.py:756} INFO - Processing file /opt/airflow/dags/DAG_etl.py for tasks to queue
[2022-11-12T13:53:04.568+0000] {logging_mixin.py:120} INFO - [2022-11-12T13:53:04.568+0000] {dagbag.py:537} INFO - Filling up the DagBag from /opt/airflow/dags/DAG_etl.py
[2022-11-12T13:53:05.060+0000] {processor.py:766} INFO - DAG(s) dict_keys(['ETL']) retrieved from /opt/airflow/dags/DAG_etl.py
[2022-11-12T13:53:05.110+0000] {logging_mixin.py:120} INFO - [2022-11-12T13:53:05.109+0000] {dag.py:2585} INFO - Sync 1 DAGs
[2022-11-12T13:53:05.143+0000] {logging_mixin.py:120} INFO - [2022-11-12T13:53:05.143+0000] {dag.py:3340} INFO - Setting next_dagrun for ETL to 2022-11-12T00:00:00+00:00, run_after=2022-11-13T00:00:00+00:00
[2022-11-12T13:53:05.175+0000] {processor.py:176} INFO - Processing /opt/airflow/dags/DAG_etl.py took 0.615 seconds
[2022-11-12T13:53:35.530+0000] {processor.py:154} INFO - Started process (PID=288) to work on /opt/airflow/dags/DAG_etl.py
[2022-11-12T13:53:35.535+0000] {processor.py:756} INFO - Processing file /opt/airflow/dags/DAG_etl.py for tasks to queue
[2022-11-12T13:53:35.540+0000] {logging_mixin.py:120} INFO - [2022-11-12T13:53:35.539+0000] {dagbag.py:537} INFO - Filling up the DagBag from /opt/airflow/dags/DAG_etl.py
[2022-11-12T13:53:35.996+0000] {processor.py:766} INFO - DAG(s) dict_keys(['ETL']) retrieved from /opt/airflow/dags/DAG_etl.py
[2022-11-12T13:53:36.040+0000] {logging_mixin.py:120} INFO - [2022-11-12T13:53:36.039+0000] {dag.py:2585} INFO - Sync 1 DAGs
[2022-11-12T13:53:36.079+0000] {logging_mixin.py:120} INFO - [2022-11-12T13:53:36.079+0000] {dag.py:3340} INFO - Setting next_dagrun for ETL to 2022-11-12T00:00:00+00:00, run_after=2022-11-13T00:00:00+00:00
[2022-11-12T13:53:36.112+0000] {processor.py:176} INFO - Processing /opt/airflow/dags/DAG_etl.py took 0.593 seconds
[2022-11-12T13:54:06.236+0000] {processor.py:154} INFO - Started process (PID=304) to work on /opt/airflow/dags/DAG_etl.py
[2022-11-12T13:54:06.239+0000] {processor.py:756} INFO - Processing file /opt/airflow/dags/DAG_etl.py for tasks to queue
[2022-11-12T13:54:06.250+0000] {logging_mixin.py:120} INFO - [2022-11-12T13:54:06.249+0000] {dagbag.py:537} INFO - Filling up the DagBag from /opt/airflow/dags/DAG_etl.py
[2022-11-12T13:54:07.002+0000] {processor.py:766} INFO - DAG(s) dict_keys(['ETL']) retrieved from /opt/airflow/dags/DAG_etl.py
[2022-11-12T13:54:07.110+0000] {logging_mixin.py:120} INFO - [2022-11-12T13:54:07.109+0000] {dag.py:2585} INFO - Sync 1 DAGs
[2022-11-12T13:54:07.147+0000] {logging_mixin.py:120} INFO - [2022-11-12T13:54:07.146+0000] {dag.py:3340} INFO - Setting next_dagrun for ETL to 2022-11-12T00:00:00+00:00, run_after=2022-11-13T00:00:00+00:00
[2022-11-12T13:54:07.174+0000] {processor.py:176} INFO - Processing /opt/airflow/dags/DAG_etl.py took 0.945 seconds
[2022-11-12T13:54:37.707+0000] {processor.py:154} INFO - Started process (PID=320) to work on /opt/airflow/dags/DAG_etl.py
[2022-11-12T13:54:37.709+0000] {processor.py:756} INFO - Processing file /opt/airflow/dags/DAG_etl.py for tasks to queue
[2022-11-12T13:54:37.711+0000] {logging_mixin.py:120} INFO - [2022-11-12T13:54:37.711+0000] {dagbag.py:537} INFO - Filling up the DagBag from /opt/airflow/dags/DAG_etl.py
[2022-11-12T13:54:38.043+0000] {processor.py:766} INFO - DAG(s) dict_keys(['ETL']) retrieved from /opt/airflow/dags/DAG_etl.py
[2022-11-12T13:54:38.097+0000] {logging_mixin.py:120} INFO - [2022-11-12T13:54:38.096+0000] {dag.py:2585} INFO - Sync 1 DAGs
[2022-11-12T13:54:38.135+0000] {logging_mixin.py:120} INFO - [2022-11-12T13:54:38.135+0000] {dag.py:3340} INFO - Setting next_dagrun for ETL to 2022-11-12T00:00:00+00:00, run_after=2022-11-13T00:00:00+00:00
[2022-11-12T13:54:38.166+0000] {processor.py:176} INFO - Processing /opt/airflow/dags/DAG_etl.py took 0.469 seconds
[2022-11-12T13:55:08.276+0000] {processor.py:154} INFO - Started process (PID=336) to work on /opt/airflow/dags/DAG_etl.py
[2022-11-12T13:55:08.282+0000] {processor.py:756} INFO - Processing file /opt/airflow/dags/DAG_etl.py for tasks to queue
[2022-11-12T13:55:08.286+0000] {logging_mixin.py:120} INFO - [2022-11-12T13:55:08.286+0000] {dagbag.py:537} INFO - Filling up the DagBag from /opt/airflow/dags/DAG_etl.py
[2022-11-12T13:55:08.644+0000] {processor.py:766} INFO - DAG(s) dict_keys(['ETL']) retrieved from /opt/airflow/dags/DAG_etl.py
[2022-11-12T13:55:08.681+0000] {logging_mixin.py:120} INFO - [2022-11-12T13:55:08.680+0000] {dag.py:2585} INFO - Sync 1 DAGs
[2022-11-12T13:55:08.745+0000] {logging_mixin.py:120} INFO - [2022-11-12T13:55:08.744+0000] {dag.py:3340} INFO - Setting next_dagrun for ETL to 2022-11-12T00:00:00+00:00, run_after=2022-11-13T00:00:00+00:00
[2022-11-12T13:55:08.777+0000] {processor.py:176} INFO - Processing /opt/airflow/dags/DAG_etl.py took 0.510 seconds
[2022-11-12T13:55:38.883+0000] {processor.py:154} INFO - Started process (PID=352) to work on /opt/airflow/dags/DAG_etl.py
[2022-11-12T13:55:38.885+0000] {processor.py:756} INFO - Processing file /opt/airflow/dags/DAG_etl.py for tasks to queue
[2022-11-12T13:55:38.888+0000] {logging_mixin.py:120} INFO - [2022-11-12T13:55:38.887+0000] {dagbag.py:537} INFO - Filling up the DagBag from /opt/airflow/dags/DAG_etl.py
[2022-11-12T13:55:39.235+0000] {processor.py:766} INFO - DAG(s) dict_keys(['ETL']) retrieved from /opt/airflow/dags/DAG_etl.py
[2022-11-12T13:55:39.348+0000] {logging_mixin.py:120} INFO - [2022-11-12T13:55:39.347+0000] {dag.py:2585} INFO - Sync 1 DAGs
[2022-11-12T13:55:39.388+0000] {logging_mixin.py:120} INFO - [2022-11-12T13:55:39.388+0000] {dag.py:3340} INFO - Setting next_dagrun for ETL to 2022-11-12T00:00:00+00:00, run_after=2022-11-13T00:00:00+00:00
[2022-11-12T13:55:39.423+0000] {processor.py:176} INFO - Processing /opt/airflow/dags/DAG_etl.py took 0.547 seconds
[2022-11-12T13:56:10.455+0000] {processor.py:154} INFO - Started process (PID=368) to work on /opt/airflow/dags/DAG_etl.py
[2022-11-12T13:56:10.457+0000] {processor.py:756} INFO - Processing file /opt/airflow/dags/DAG_etl.py for tasks to queue
[2022-11-12T13:56:10.461+0000] {logging_mixin.py:120} INFO - [2022-11-12T13:56:10.461+0000] {dagbag.py:537} INFO - Filling up the DagBag from /opt/airflow/dags/DAG_etl.py
[2022-11-12T13:56:10.778+0000] {processor.py:766} INFO - DAG(s) dict_keys(['ETL']) retrieved from /opt/airflow/dags/DAG_etl.py
[2022-11-12T13:56:10.836+0000] {logging_mixin.py:120} INFO - [2022-11-12T13:56:10.835+0000] {dag.py:2585} INFO - Sync 1 DAGs
[2022-11-12T13:56:10.878+0000] {logging_mixin.py:120} INFO - [2022-11-12T13:56:10.878+0000] {dag.py:3340} INFO - Setting next_dagrun for ETL to 2022-11-12T00:00:00+00:00, run_after=2022-11-13T00:00:00+00:00
[2022-11-12T13:56:10.912+0000] {processor.py:176} INFO - Processing /opt/airflow/dags/DAG_etl.py took 0.461 seconds
[2022-11-12T13:56:41.172+0000] {processor.py:154} INFO - Started process (PID=384) to work on /opt/airflow/dags/DAG_etl.py
[2022-11-12T13:56:41.174+0000] {processor.py:756} INFO - Processing file /opt/airflow/dags/DAG_etl.py for tasks to queue
[2022-11-12T13:56:41.178+0000] {logging_mixin.py:120} INFO - [2022-11-12T13:56:41.178+0000] {dagbag.py:537} INFO - Filling up the DagBag from /opt/airflow/dags/DAG_etl.py
[2022-11-12T13:56:41.658+0000] {processor.py:766} INFO - DAG(s) dict_keys(['ETL']) retrieved from /opt/airflow/dags/DAG_etl.py
[2022-11-12T13:56:41.701+0000] {logging_mixin.py:120} INFO - [2022-11-12T13:56:41.700+0000] {dag.py:2585} INFO - Sync 1 DAGs
[2022-11-12T13:56:41.745+0000] {logging_mixin.py:120} INFO - [2022-11-12T13:56:41.745+0000] {dag.py:3340} INFO - Setting next_dagrun for ETL to 2022-11-12T00:00:00+00:00, run_after=2022-11-13T00:00:00+00:00
[2022-11-12T13:56:41.780+0000] {processor.py:176} INFO - Processing /opt/airflow/dags/DAG_etl.py took 0.619 seconds
