[2022-11-12T14:08:02.107+0000] {taskinstance.py:1165} INFO - Dependencies all met for <TaskInstance: ETL.Transform manual__2022-11-12T14:07:50.737073+00:00 [queued]>
[2022-11-12T14:08:02.155+0000] {taskinstance.py:1165} INFO - Dependencies all met for <TaskInstance: ETL.Transform manual__2022-11-12T14:07:50.737073+00:00 [queued]>
[2022-11-12T14:08:02.158+0000] {taskinstance.py:1362} INFO - 
--------------------------------------------------------------------------------
[2022-11-12T14:08:02.159+0000] {taskinstance.py:1363} INFO - Starting attempt 1 of 1
[2022-11-12T14:08:02.166+0000] {taskinstance.py:1364} INFO - 
--------------------------------------------------------------------------------
[2022-11-12T14:08:02.268+0000] {taskinstance.py:1383} INFO - Executing <Task(PythonOperator): Transform> on 2022-11-12 14:07:50.737073+00:00
[2022-11-12T14:08:02.398+0000] {standard_task_runner.py:55} INFO - Started process 233 to run task
[2022-11-12T14:08:02.418+0000] {standard_task_runner.py:82} INFO - Running: ['***', 'tasks', 'run', 'ETL', 'Transform', 'manual__2022-11-12T14:07:50.737073+00:00', '--job-id', '5', '--raw', '--subdir', 'DAGS_FOLDER/DAG_etl_testDef.py', '--cfg-path', '/tmp/tmptq80szse']
[2022-11-12T14:08:02.429+0000] {standard_task_runner.py:83} INFO - Job 5: Subtask Transform
[2022-11-12T14:08:03.019+0000] {task_command.py:376} INFO - Running <TaskInstance: ETL.Transform manual__2022-11-12T14:07:50.737073+00:00 [running]> on host 5e1e1b90c781
[2022-11-12T14:08:03.641+0000] {taskinstance.py:1592} INFO - Exporting the following env vars:
AIRFLOW_CTX_DAG_OWNER=***
AIRFLOW_CTX_DAG_ID=ETL
AIRFLOW_CTX_TASK_ID=Transform
AIRFLOW_CTX_EXECUTION_DATE=2022-11-12T14:07:50.737073+00:00
AIRFLOW_CTX_TRY_NUMBER=1
AIRFLOW_CTX_DAG_RUN_ID=manual__2022-11-12T14:07:50.737073+00:00
[2022-11-12T14:08:03.653+0000] {logging_mixin.py:120} INFO - Prueba Transform EXITOSO!
[2022-11-12T14:08:03.659+0000] {python.py:177} INFO - Done. Returned value was: None
[2022-11-12T14:08:03.774+0000] {taskinstance.py:1406} INFO - Marking task as SUCCESS. dag_id=ETL, task_id=Transform, execution_date=20221112T140750, start_date=20221112T140802, end_date=20221112T140803
[2022-11-12T14:08:03.880+0000] {local_task_job.py:164} INFO - Task exited with return code 0
[2022-11-12T14:08:04.139+0000] {local_task_job.py:273} INFO - 0 downstream tasks scheduled from follow-on schedule check
