[2022-11-12T13:41:53.250+0000] {taskinstance.py:1165} INFO - Dependencies all met for <TaskInstance: first_sample_dag.Transform scheduled__2022-11-11T00:00:00+00:00 [queued]>
[2022-11-12T13:41:53.272+0000] {taskinstance.py:1165} INFO - Dependencies all met for <TaskInstance: first_sample_dag.Transform scheduled__2022-11-11T00:00:00+00:00 [queued]>
[2022-11-12T13:41:53.274+0000] {taskinstance.py:1362} INFO - 
--------------------------------------------------------------------------------
[2022-11-12T13:41:53.275+0000] {taskinstance.py:1363} INFO - Starting attempt 1 of 1
[2022-11-12T13:41:53.277+0000] {taskinstance.py:1364} INFO - 
--------------------------------------------------------------------------------
[2022-11-12T13:41:53.335+0000] {taskinstance.py:1383} INFO - Executing <Task(BashOperator): Transform> on 2022-11-11 00:00:00+00:00
[2022-11-12T13:41:53.349+0000] {standard_task_runner.py:55} INFO - Started process 343 to run task
[2022-11-12T13:41:53.355+0000] {standard_task_runner.py:82} INFO - Running: ['***', 'tasks', 'run', 'first_sample_dag', 'Transform', 'scheduled__2022-11-11T00:00:00+00:00', '--job-id', '3', '--raw', '--subdir', 'DAGS_FOLDER/sample_dag.py', '--cfg-path', '/tmp/tmpo6k07137']
[2022-11-12T13:41:53.361+0000] {standard_task_runner.py:83} INFO - Job 3: Subtask Transform
[2022-11-12T13:41:53.483+0000] {task_command.py:376} INFO - Running <TaskInstance: first_sample_dag.Transform scheduled__2022-11-11T00:00:00+00:00 [running]> on host 3d0afc5bbd03
[2022-11-12T13:41:53.718+0000] {taskinstance.py:1592} INFO - Exporting the following env vars:
AIRFLOW_CTX_DAG_OWNER=***
AIRFLOW_CTX_DAG_ID=first_sample_dag
AIRFLOW_CTX_TASK_ID=Transform
AIRFLOW_CTX_EXECUTION_DATE=2022-11-11T00:00:00+00:00
AIRFLOW_CTX_TRY_NUMBER=1
AIRFLOW_CTX_DAG_RUN_ID=scheduled__2022-11-11T00:00:00+00:00
[2022-11-12T13:41:53.725+0000] {subprocess.py:63} INFO - Tmp dir root location: 
 /tmp
[2022-11-12T13:41:53.729+0000] {subprocess.py:75} INFO - Running command: ['/bin/bash', '-c', 'echo "Transform Data"']
[2022-11-12T13:41:53.775+0000] {subprocess.py:86} INFO - Output:
[2022-11-12T13:41:53.780+0000] {subprocess.py:93} INFO - Transform Data
[2022-11-12T13:41:53.782+0000] {subprocess.py:97} INFO - Command exited with return code 0
[2022-11-12T13:41:53.855+0000] {taskinstance.py:1406} INFO - Marking task as SUCCESS. dag_id=first_sample_dag, task_id=Transform, execution_date=20221111T000000, start_date=20221112T134153, end_date=20221112T134153
[2022-11-12T13:41:53.953+0000] {local_task_job.py:164} INFO - Task exited with return code 0
[2022-11-12T13:41:54.078+0000] {local_task_job.py:273} INFO - 1 downstream tasks scheduled from follow-on schedule check
