[2022-11-21T04:33:44.565+0000] {taskinstance.py:1165} INFO - Dependencies all met for <TaskInstance: ETL.Transform manual__2022-11-21T04:33:40.842654+00:00 [queued]>
[2022-11-21T04:33:44.589+0000] {taskinstance.py:1165} INFO - Dependencies all met for <TaskInstance: ETL.Transform manual__2022-11-21T04:33:40.842654+00:00 [queued]>
[2022-11-21T04:33:44.590+0000] {taskinstance.py:1362} INFO - 
--------------------------------------------------------------------------------
[2022-11-21T04:33:44.591+0000] {taskinstance.py:1363} INFO - Starting attempt 1 of 1
[2022-11-21T04:33:44.592+0000] {taskinstance.py:1364} INFO - 
--------------------------------------------------------------------------------
[2022-11-21T04:33:44.615+0000] {taskinstance.py:1383} INFO - Executing <Task(PythonOperator): Transform> on 2022-11-21 04:33:40.842654+00:00
[2022-11-21T04:33:44.625+0000] {standard_task_runner.py:55} INFO - Started process 216 to run task
[2022-11-21T04:33:44.630+0000] {standard_task_runner.py:82} INFO - Running: ['***', 'tasks', 'run', 'ETL', 'Transform', 'manual__2022-11-21T04:33:40.842654+00:00', '--job-id', '6', '--raw', '--subdir', 'DAGS_FOLDER/DAG_etl_testDef.py', '--cfg-path', '/tmp/tmpyujf5h_y']
[2022-11-21T04:33:44.632+0000] {standard_task_runner.py:83} INFO - Job 6: Subtask Transform
[2022-11-21T04:33:44.725+0000] {task_command.py:376} INFO - Running <TaskInstance: ETL.Transform manual__2022-11-21T04:33:40.842654+00:00 [running]> on host 0d6a4c0cc4a1
[2022-11-21T04:33:44.825+0000] {taskinstance.py:1592} INFO - Exporting the following env vars:
AIRFLOW_CTX_DAG_OWNER=***
AIRFLOW_CTX_DAG_ID=ETL
AIRFLOW_CTX_TASK_ID=Transform
AIRFLOW_CTX_EXECUTION_DATE=2022-11-21T04:33:40.842654+00:00
AIRFLOW_CTX_TRY_NUMBER=1
AIRFLOW_CTX_DAG_RUN_ID=manual__2022-11-21T04:33:40.842654+00:00
[2022-11-21T04:33:44.826+0000] {logging_mixin.py:120} INFO - Prueba Transform EXITOSO!
[2022-11-21T04:33:44.827+0000] {python.py:177} INFO - Done. Returned value was: None
[2022-11-21T04:33:44.842+0000] {taskinstance.py:1406} INFO - Marking task as SUCCESS. dag_id=ETL, task_id=Transform, execution_date=20221121T043340, start_date=20221121T043344, end_date=20221121T043344
[2022-11-21T04:33:44.884+0000] {local_task_job.py:164} INFO - Task exited with return code 0
[2022-11-21T04:33:44.923+0000] {local_task_job.py:273} INFO - 1 downstream tasks scheduled from follow-on schedule check
