[2022-11-12T13:42:21.081+0000] {taskinstance.py:1165} INFO - Dependencies all met for <TaskInstance: first_sample_dag.Load manual__2022-11-12T13:42:11.368311+00:00 [queued]>
[2022-11-12T13:42:21.107+0000] {taskinstance.py:1165} INFO - Dependencies all met for <TaskInstance: first_sample_dag.Load manual__2022-11-12T13:42:11.368311+00:00 [queued]>
[2022-11-12T13:42:21.112+0000] {taskinstance.py:1362} INFO - 
--------------------------------------------------------------------------------
[2022-11-12T13:42:21.115+0000] {taskinstance.py:1363} INFO - Starting attempt 1 of 1
[2022-11-12T13:42:21.117+0000] {taskinstance.py:1364} INFO - 
--------------------------------------------------------------------------------
[2022-11-12T13:42:21.154+0000] {taskinstance.py:1383} INFO - Executing <Task(BashOperator): Load> on 2022-11-12 13:42:11.368311+00:00
[2022-11-12T13:42:21.168+0000] {standard_task_runner.py:55} INFO - Started process 366 to run task
[2022-11-12T13:42:21.176+0000] {standard_task_runner.py:82} INFO - Running: ['***', 'tasks', 'run', 'first_sample_dag', 'Load', 'manual__2022-11-12T13:42:11.368311+00:00', '--job-id', '7', '--raw', '--subdir', 'DAGS_FOLDER/sample_dag.py', '--cfg-path', '/tmp/tmpwynyxbw5']
[2022-11-12T13:42:21.183+0000] {standard_task_runner.py:83} INFO - Job 7: Subtask Load
[2022-11-12T13:42:21.374+0000] {task_command.py:376} INFO - Running <TaskInstance: first_sample_dag.Load manual__2022-11-12T13:42:11.368311+00:00 [running]> on host 3d0afc5bbd03
[2022-11-12T13:42:21.582+0000] {taskinstance.py:1592} INFO - Exporting the following env vars:
AIRFLOW_CTX_DAG_OWNER=***
AIRFLOW_CTX_DAG_ID=first_sample_dag
AIRFLOW_CTX_TASK_ID=Load
AIRFLOW_CTX_EXECUTION_DATE=2022-11-12T13:42:11.368311+00:00
AIRFLOW_CTX_TRY_NUMBER=1
AIRFLOW_CTX_DAG_RUN_ID=manual__2022-11-12T13:42:11.368311+00:00
[2022-11-12T13:42:21.601+0000] {subprocess.py:63} INFO - Tmp dir root location: 
 /tmp
[2022-11-12T13:42:21.603+0000] {subprocess.py:75} INFO - Running command: ['/bin/bash', '-c', 'echo "Load Data"']
[2022-11-12T13:42:21.695+0000] {subprocess.py:86} INFO - Output:
[2022-11-12T13:42:21.710+0000] {subprocess.py:93} INFO - Load Data
[2022-11-12T13:42:21.712+0000] {subprocess.py:97} INFO - Command exited with return code 0
[2022-11-12T13:42:21.871+0000] {taskinstance.py:1406} INFO - Marking task as SUCCESS. dag_id=first_sample_dag, task_id=Load, execution_date=20221112T134211, start_date=20221112T134221, end_date=20221112T134221
[2022-11-12T13:42:21.953+0000] {local_task_job.py:164} INFO - Task exited with return code 0
[2022-11-12T13:42:22.034+0000] {local_task_job.py:273} INFO - 1 downstream tasks scheduled from follow-on schedule check
