[2022-11-12T13:41:50.050+0000] {taskinstance.py:1165} INFO - Dependencies all met for <TaskInstance: first_sample_dag.Extract scheduled__2022-11-11T00:00:00+00:00 [queued]>
[2022-11-12T13:41:50.075+0000] {taskinstance.py:1165} INFO - Dependencies all met for <TaskInstance: first_sample_dag.Extract scheduled__2022-11-11T00:00:00+00:00 [queued]>
[2022-11-12T13:41:50.076+0000] {taskinstance.py:1362} INFO - 
--------------------------------------------------------------------------------
[2022-11-12T13:41:50.080+0000] {taskinstance.py:1363} INFO - Starting attempt 1 of 1
[2022-11-12T13:41:50.084+0000] {taskinstance.py:1364} INFO - 
--------------------------------------------------------------------------------
[2022-11-12T13:41:50.289+0000] {taskinstance.py:1383} INFO - Executing <Task(BashOperator): Extract> on 2022-11-11 00:00:00+00:00
[2022-11-12T13:41:50.377+0000] {standard_task_runner.py:55} INFO - Started process 340 to run task
[2022-11-12T13:41:50.411+0000] {standard_task_runner.py:82} INFO - Running: ['***', 'tasks', 'run', 'first_sample_dag', 'Extract', 'scheduled__2022-11-11T00:00:00+00:00', '--job-id', '2', '--raw', '--subdir', 'DAGS_FOLDER/sample_dag.py', '--cfg-path', '/tmp/tmpjh6pguan']
[2022-11-12T13:41:50.424+0000] {standard_task_runner.py:83} INFO - Job 2: Subtask Extract
[2022-11-12T13:41:50.658+0000] {task_command.py:376} INFO - Running <TaskInstance: first_sample_dag.Extract scheduled__2022-11-11T00:00:00+00:00 [running]> on host 3d0afc5bbd03
[2022-11-12T13:41:51.077+0000] {taskinstance.py:1592} INFO - Exporting the following env vars:
AIRFLOW_CTX_DAG_OWNER=***
AIRFLOW_CTX_DAG_ID=first_sample_dag
AIRFLOW_CTX_TASK_ID=Extract
AIRFLOW_CTX_EXECUTION_DATE=2022-11-11T00:00:00+00:00
AIRFLOW_CTX_TRY_NUMBER=1
AIRFLOW_CTX_DAG_RUN_ID=scheduled__2022-11-11T00:00:00+00:00
[2022-11-12T13:41:51.080+0000] {subprocess.py:63} INFO - Tmp dir root location: 
 /tmp
[2022-11-12T13:41:51.086+0000] {subprocess.py:75} INFO - Running command: ['/bin/bash', '-c', 'echo "Extract CSV"']
[2022-11-12T13:41:51.147+0000] {subprocess.py:86} INFO - Output:
[2022-11-12T13:41:51.174+0000] {subprocess.py:93} INFO - Extract CSV
[2022-11-12T13:41:51.177+0000] {subprocess.py:97} INFO - Command exited with return code 0
[2022-11-12T13:41:51.298+0000] {taskinstance.py:1406} INFO - Marking task as SUCCESS. dag_id=first_sample_dag, task_id=Extract, execution_date=20221111T000000, start_date=20221112T134150, end_date=20221112T134151
[2022-11-12T13:41:51.390+0000] {local_task_job.py:164} INFO - Task exited with return code 0
[2022-11-12T13:41:51.495+0000] {local_task_job.py:273} INFO - 1 downstream tasks scheduled from follow-on schedule check
