[2022-11-12T14:08:07.409+0000] {taskinstance.py:1165} INFO - Dependencies all met for <TaskInstance: ETL.Load manual__2022-11-12T14:07:50.737073+00:00 [queued]>
[2022-11-12T14:08:07.463+0000] {taskinstance.py:1165} INFO - Dependencies all met for <TaskInstance: ETL.Load manual__2022-11-12T14:07:50.737073+00:00 [queued]>
[2022-11-12T14:08:07.480+0000] {taskinstance.py:1362} INFO - 
--------------------------------------------------------------------------------
[2022-11-12T14:08:07.516+0000] {taskinstance.py:1363} INFO - Starting attempt 1 of 1
[2022-11-12T14:08:07.533+0000] {taskinstance.py:1364} INFO - 
--------------------------------------------------------------------------------
[2022-11-12T14:08:07.857+0000] {taskinstance.py:1383} INFO - Executing <Task(PythonOperator): Load> on 2022-11-12 14:07:50.737073+00:00
[2022-11-12T14:08:07.922+0000] {standard_task_runner.py:55} INFO - Started process 236 to run task
[2022-11-12T14:08:07.957+0000] {standard_task_runner.py:82} INFO - Running: ['***', 'tasks', 'run', 'ETL', 'Load', 'manual__2022-11-12T14:07:50.737073+00:00', '--job-id', '6', '--raw', '--subdir', 'DAGS_FOLDER/DAG_etl_testDef.py', '--cfg-path', '/tmp/tmp_7yfr3yi']
[2022-11-12T14:08:07.965+0000] {standard_task_runner.py:83} INFO - Job 6: Subtask Load
[2022-11-12T14:08:08.625+0000] {task_command.py:376} INFO - Running <TaskInstance: ETL.Load manual__2022-11-12T14:07:50.737073+00:00 [running]> on host 5e1e1b90c781
[2022-11-12T14:08:10.766+0000] {taskinstance.py:1592} INFO - Exporting the following env vars:
AIRFLOW_CTX_DAG_OWNER=***
AIRFLOW_CTX_DAG_ID=ETL
AIRFLOW_CTX_TASK_ID=Load
AIRFLOW_CTX_EXECUTION_DATE=2022-11-12T14:07:50.737073+00:00
AIRFLOW_CTX_TRY_NUMBER=1
AIRFLOW_CTX_DAG_RUN_ID=manual__2022-11-12T14:07:50.737073+00:00
[2022-11-12T14:08:10.774+0000] {logging_mixin.py:120} INFO - Prueba Load EXITOSO!
[2022-11-12T14:08:10.780+0000] {python.py:177} INFO - Done. Returned value was: None
[2022-11-12T14:08:10.837+0000] {taskinstance.py:1406} INFO - Marking task as SUCCESS. dag_id=ETL, task_id=Load, execution_date=20221112T140750, start_date=20221112T140807, end_date=20221112T140810
[2022-11-12T14:08:11.134+0000] {local_task_job.py:164} INFO - Task exited with return code 0
[2022-11-12T14:08:11.304+0000] {local_task_job.py:273} INFO - 1 downstream tasks scheduled from follow-on schedule check
