[2022-11-12T13:42:18.107+0000] {taskinstance.py:1165} INFO - Dependencies all met for <TaskInstance: first_sample_dag.Transform manual__2022-11-12T13:42:11.368311+00:00 [queued]>
[2022-11-12T13:42:18.133+0000] {taskinstance.py:1165} INFO - Dependencies all met for <TaskInstance: first_sample_dag.Transform manual__2022-11-12T13:42:11.368311+00:00 [queued]>
[2022-11-12T13:42:18.135+0000] {taskinstance.py:1362} INFO - 
--------------------------------------------------------------------------------
[2022-11-12T13:42:18.137+0000] {taskinstance.py:1363} INFO - Starting attempt 1 of 1
[2022-11-12T13:42:18.139+0000] {taskinstance.py:1364} INFO - 
--------------------------------------------------------------------------------
[2022-11-12T13:42:18.172+0000] {taskinstance.py:1383} INFO - Executing <Task(BashOperator): Transform> on 2022-11-12 13:42:11.368311+00:00
[2022-11-12T13:42:18.184+0000] {standard_task_runner.py:55} INFO - Started process 363 to run task
[2022-11-12T13:42:18.194+0000] {standard_task_runner.py:82} INFO - Running: ['***', 'tasks', 'run', 'first_sample_dag', 'Transform', 'manual__2022-11-12T13:42:11.368311+00:00', '--job-id', '6', '--raw', '--subdir', 'DAGS_FOLDER/sample_dag.py', '--cfg-path', '/tmp/tmpf0gtyrrm']
[2022-11-12T13:42:18.199+0000] {standard_task_runner.py:83} INFO - Job 6: Subtask Transform
[2022-11-12T13:42:18.418+0000] {task_command.py:376} INFO - Running <TaskInstance: first_sample_dag.Transform manual__2022-11-12T13:42:11.368311+00:00 [running]> on host 3d0afc5bbd03
[2022-11-12T13:42:19.027+0000] {taskinstance.py:1592} INFO - Exporting the following env vars:
AIRFLOW_CTX_DAG_OWNER=***
AIRFLOW_CTX_DAG_ID=first_sample_dag
AIRFLOW_CTX_TASK_ID=Transform
AIRFLOW_CTX_EXECUTION_DATE=2022-11-12T13:42:11.368311+00:00
AIRFLOW_CTX_TRY_NUMBER=1
AIRFLOW_CTX_DAG_RUN_ID=manual__2022-11-12T13:42:11.368311+00:00
[2022-11-12T13:42:19.038+0000] {subprocess.py:63} INFO - Tmp dir root location: 
 /tmp
[2022-11-12T13:42:19.041+0000] {subprocess.py:75} INFO - Running command: ['/bin/bash', '-c', 'echo "Transform Data"']
[2022-11-12T13:42:19.092+0000] {subprocess.py:86} INFO - Output:
[2022-11-12T13:42:19.106+0000] {subprocess.py:93} INFO - Transform Data
[2022-11-12T13:42:19.108+0000] {subprocess.py:97} INFO - Command exited with return code 0
[2022-11-12T13:42:19.206+0000] {taskinstance.py:1406} INFO - Marking task as SUCCESS. dag_id=first_sample_dag, task_id=Transform, execution_date=20221112T134211, start_date=20221112T134218, end_date=20221112T134219
[2022-11-12T13:42:19.311+0000] {local_task_job.py:164} INFO - Task exited with return code 0
[2022-11-12T13:42:19.449+0000] {local_task_job.py:273} INFO - 1 downstream tasks scheduled from follow-on schedule check
