[2022-11-12T13:41:55.554+0000] {taskinstance.py:1165} INFO - Dependencies all met for <TaskInstance: first_sample_dag.Load scheduled__2022-11-11T00:00:00+00:00 [queued]>
[2022-11-12T13:41:55.599+0000] {taskinstance.py:1165} INFO - Dependencies all met for <TaskInstance: first_sample_dag.Load scheduled__2022-11-11T00:00:00+00:00 [queued]>
[2022-11-12T13:41:55.601+0000] {taskinstance.py:1362} INFO - 
--------------------------------------------------------------------------------
[2022-11-12T13:41:55.602+0000] {taskinstance.py:1363} INFO - Starting attempt 1 of 1
[2022-11-12T13:41:55.605+0000] {taskinstance.py:1364} INFO - 
--------------------------------------------------------------------------------
[2022-11-12T13:41:55.640+0000] {taskinstance.py:1383} INFO - Executing <Task(BashOperator): Load> on 2022-11-11 00:00:00+00:00
[2022-11-12T13:41:55.651+0000] {standard_task_runner.py:55} INFO - Started process 346 to run task
[2022-11-12T13:41:55.661+0000] {standard_task_runner.py:82} INFO - Running: ['***', 'tasks', 'run', 'first_sample_dag', 'Load', 'scheduled__2022-11-11T00:00:00+00:00', '--job-id', '4', '--raw', '--subdir', 'DAGS_FOLDER/sample_dag.py', '--cfg-path', '/tmp/tmpr462pi9x']
[2022-11-12T13:41:55.667+0000] {standard_task_runner.py:83} INFO - Job 4: Subtask Load
[2022-11-12T13:41:55.804+0000] {task_command.py:376} INFO - Running <TaskInstance: first_sample_dag.Load scheduled__2022-11-11T00:00:00+00:00 [running]> on host 3d0afc5bbd03
[2022-11-12T13:41:56.064+0000] {taskinstance.py:1592} INFO - Exporting the following env vars:
AIRFLOW_CTX_DAG_OWNER=***
AIRFLOW_CTX_DAG_ID=first_sample_dag
AIRFLOW_CTX_TASK_ID=Load
AIRFLOW_CTX_EXECUTION_DATE=2022-11-11T00:00:00+00:00
AIRFLOW_CTX_TRY_NUMBER=1
AIRFLOW_CTX_DAG_RUN_ID=scheduled__2022-11-11T00:00:00+00:00
[2022-11-12T13:41:56.067+0000] {subprocess.py:63} INFO - Tmp dir root location: 
 /tmp
[2022-11-12T13:41:56.069+0000] {subprocess.py:75} INFO - Running command: ['/bin/bash', '-c', 'echo "Load Data"']
[2022-11-12T13:41:56.097+0000] {subprocess.py:86} INFO - Output:
[2022-11-12T13:41:56.098+0000] {subprocess.py:93} INFO - Load Data
[2022-11-12T13:41:56.100+0000] {subprocess.py:97} INFO - Command exited with return code 0
[2022-11-12T13:41:56.147+0000] {taskinstance.py:1406} INFO - Marking task as SUCCESS. dag_id=first_sample_dag, task_id=Load, execution_date=20221111T000000, start_date=20221112T134155, end_date=20221112T134156
[2022-11-12T13:41:56.235+0000] {local_task_job.py:164} INFO - Task exited with return code 0
[2022-11-12T13:41:56.317+0000] {local_task_job.py:273} INFO - 1 downstream tasks scheduled from follow-on schedule check
