[2022-11-22T22:10:53.451+0000] {manager.py:483} INFO - Processing files using up to 2 processes at a time 
[2022-11-22T22:10:53.453+0000] {manager.py:484} INFO - Process each file at most once every 30 seconds
[2022-11-22T22:10:53.454+0000] {manager.py:486} INFO - Checking for new files in /opt/airflow/dags every 300 seconds
[2022-11-22T22:10:53.455+0000] {manager.py:724} INFO - Searching for files in /opt/airflow/dags
[2022-11-22T22:10:53.476+0000] {manager.py:727} INFO - There are 2 files in /opt/airflow/dags
[2022-11-22T22:10:54.451+0000] {manager.py:846} INFO - 
================================================================================
DAG File Processing Stats

File Path                               PID  Runtime      # DAGs    # Errors  Last Runtime    Last Run
------------------------------------  -----  ---------  --------  ----------  --------------  ----------
/opt/airflow/dags/sample_dag.py         178  0.68s             0           0
/opt/airflow/dags/DAG_etl_testDef.py    176  0.72s             0           0
================================================================================
[2022-11-22T22:11:24.712+0000] {manager.py:846} INFO - 
================================================================================
DAG File Processing Stats

File Path                             PID    Runtime      # DAGs    # Errors  Last Runtime    Last Run
------------------------------------  -----  ---------  --------  ----------  --------------  -------------------
/opt/airflow/dags/sample_dag.py                                1           0  6.09s           2022-11-22T22:10:59
/opt/airflow/dags/DAG_etl_testDef.py                           1           0  6.44s           2022-11-22T22:11:00
================================================================================
[2022-11-22T22:11:55.016+0000] {manager.py:846} INFO - 
================================================================================
DAG File Processing Stats

File Path                             PID    Runtime      # DAGs    # Errors  Last Runtime    Last Run
------------------------------------  -----  ---------  --------  ----------  --------------  -------------------
/opt/airflow/dags/sample_dag.py                                1           0  3.35s           2022-11-22T22:11:33
/opt/airflow/dags/DAG_etl_testDef.py                           1           0  2.96s           2022-11-22T22:11:33
================================================================================
[2022-11-22T22:12:25.537+0000] {manager.py:846} INFO - 
================================================================================
DAG File Processing Stats

File Path                             PID    Runtime      # DAGs    # Errors  Last Runtime    Last Run
------------------------------------  -----  ---------  --------  ----------  --------------  -------------------
/opt/airflow/dags/sample_dag.py                                1           0  10.71s          2022-11-22T22:12:14
/opt/airflow/dags/DAG_etl_testDef.py                           1           0  10.31s          2022-11-22T22:12:14
================================================================================
[2022-11-22T22:12:55.939+0000] {manager.py:846} INFO - 
================================================================================
DAG File Processing Stats

File Path                             PID    Runtime      # DAGs    # Errors  Last Runtime    Last Run
------------------------------------  -----  ---------  --------  ----------  --------------  -------------------
/opt/airflow/dags/sample_dag.py                                1           0  1.64s           2022-11-22T22:12:46
/opt/airflow/dags/DAG_etl_testDef.py                           1           0  1.49s           2022-11-22T22:12:45
================================================================================
[2022-11-22T22:13:26.624+0000] {manager.py:846} INFO - 
================================================================================
DAG File Processing Stats

File Path                             PID    Runtime      # DAGs    # Errors  Last Runtime    Last Run
------------------------------------  -----  ---------  --------  ----------  --------------  -------------------
/opt/airflow/dags/sample_dag.py                                1           0  4.77s           2022-11-22T22:13:21
/opt/airflow/dags/DAG_etl_testDef.py                           1           0  3.81s           2022-11-22T22:13:20
================================================================================
[2022-11-22T22:13:56.872+0000] {manager.py:846} INFO - 
================================================================================
DAG File Processing Stats

File Path                             PID    Runtime      # DAGs    # Errors  Last Runtime    Last Run
------------------------------------  -----  ---------  --------  ----------  --------------  -------------------
/opt/airflow/dags/sample_dag.py                                1           0  1.63s           2022-11-22T22:13:53
/opt/airflow/dags/DAG_etl_testDef.py                           1           0  1.61s           2022-11-22T22:13:52
================================================================================
[2022-11-22T22:14:26.956+0000] {manager.py:846} INFO - 
================================================================================
DAG File Processing Stats

File Path                             PID    Runtime      # DAGs    # Errors  Last Runtime    Last Run
------------------------------------  -----  ---------  --------  ----------  --------------  -------------------
/opt/airflow/dags/sample_dag.py                                1           0  0.55s           2022-11-22T22:14:25
/opt/airflow/dags/DAG_etl_testDef.py                           1           0  1.62s           2022-11-22T22:14:24
================================================================================
[2022-11-22T22:14:56.979+0000] {manager.py:846} INFO - 
================================================================================
DAG File Processing Stats

File Path                             PID    Runtime      # DAGs    # Errors  Last Runtime    Last Run
------------------------------------  -----  ---------  --------  ----------  --------------  -------------------
/opt/airflow/dags/sample_dag.py                                1           0  1.20s           2022-11-22T22:14:56
/opt/airflow/dags/DAG_etl_testDef.py                           1           0  0.73s           2022-11-22T22:14:56
================================================================================
[2022-11-22T22:15:27.011+0000] {manager.py:846} INFO - 
================================================================================
DAG File Processing Stats

File Path                               PID  Runtime      # DAGs    # Errors  Last Runtime    Last Run
------------------------------------  -----  ---------  --------  ----------  --------------  -------------------
/opt/airflow/dags/sample_dag.py         272  0.01s             1           0  1.20s           2022-11-22T22:14:56
/opt/airflow/dags/DAG_etl_testDef.py    269  0.43s             1           0  0.73s           2022-11-22T22:14:56
================================================================================
[2022-11-22T22:15:53.535+0000] {manager.py:724} INFO - Searching for files in /opt/airflow/dags
[2022-11-22T22:15:53.602+0000] {manager.py:727} INFO - There are 2 files in /opt/airflow/dags
[2022-11-22T22:15:57.774+0000] {manager.py:846} INFO - 
================================================================================
DAG File Processing Stats

File Path                               PID  Runtime      # DAGs    # Errors  Last Runtime    Last Run
------------------------------------  -----  ---------  --------  ----------  --------------  -------------------
/opt/airflow/dags/sample_dag.py         281  0.02s             1           0  0.70s           2022-11-22T22:15:27
/opt/airflow/dags/DAG_etl_testDef.py    279  0.03s             1           0  0.47s           2022-11-22T22:15:27
================================================================================
[2022-11-22T22:16:28.045+0000] {manager.py:846} INFO - 
================================================================================
DAG File Processing Stats

File Path                             PID    Runtime      # DAGs    # Errors  Last Runtime    Last Run
------------------------------------  -----  ---------  --------  ----------  --------------  -------------------
/opt/airflow/dags/sample_dag.py                                1           0  0.59s           2022-11-22T22:15:58
/opt/airflow/dags/DAG_etl_testDef.py                           1           0  0.61s           2022-11-22T22:15:58
================================================================================
[2022-11-22T22:16:58.739+0000] {manager.py:846} INFO - 
================================================================================
DAG File Processing Stats

File Path                             PID    Runtime      # DAGs    # Errors  Last Runtime    Last Run
------------------------------------  -----  ---------  --------  ----------  --------------  -------------------
/opt/airflow/dags/sample_dag.py                                1           0  0.80s           2022-11-22T22:16:29
/opt/airflow/dags/DAG_etl_testDef.py                           1           0  0.73s           2022-11-22T22:16:29
================================================================================
[2022-11-22T22:17:29.464+0000] {manager.py:846} INFO - 
================================================================================
DAG File Processing Stats

File Path                             PID    Runtime      # DAGs    # Errors  Last Runtime    Last Run
------------------------------------  -----  ---------  --------  ----------  --------------  -------------------
/opt/airflow/dags/sample_dag.py                                1           0  0.46s           2022-11-22T22:17:00
/opt/airflow/dags/DAG_etl_testDef.py                           1           0  0.50s           2022-11-22T22:17:00
================================================================================
[2022-11-22T22:17:59.906+0000] {manager.py:846} INFO - 
================================================================================
DAG File Processing Stats

File Path                             PID    Runtime      # DAGs    # Errors  Last Runtime    Last Run
------------------------------------  -----  ---------  --------  ----------  --------------  -------------------
/opt/airflow/dags/sample_dag.py                                1           0  0.75s           2022-11-22T22:17:31
/opt/airflow/dags/DAG_etl_testDef.py                           1           0  0.67s           2022-11-22T22:17:31
================================================================================
[2022-11-22T22:18:30.191+0000] {manager.py:846} INFO - 
================================================================================
DAG File Processing Stats

File Path                             PID    Runtime      # DAGs    # Errors  Last Runtime    Last Run
------------------------------------  -----  ---------  --------  ----------  --------------  -------------------
/opt/airflow/dags/sample_dag.py                                1           0  0.60s           2022-11-22T22:18:02
/opt/airflow/dags/DAG_etl_testDef.py                           1           0  0.62s           2022-11-22T22:18:02
================================================================================
[2022-11-22T22:19:00.640+0000] {manager.py:846} INFO - 
================================================================================
DAG File Processing Stats

File Path                             PID    Runtime      # DAGs    # Errors  Last Runtime    Last Run
------------------------------------  -----  ---------  --------  ----------  --------------  -------------------
/opt/airflow/dags/sample_dag.py                                1           0  0.31s           2022-11-22T22:18:33
/opt/airflow/dags/DAG_etl_testDef.py                           1           0  0.35s           2022-11-22T22:18:33
================================================================================
[2022-11-22T22:19:31.607+0000] {manager.py:846} INFO - 
================================================================================
DAG File Processing Stats

File Path                             PID    Runtime      # DAGs    # Errors  Last Runtime    Last Run
------------------------------------  -----  ---------  --------  ----------  --------------  -------------------
/opt/airflow/dags/sample_dag.py                                1           0  0.78s           2022-11-22T22:19:04
/opt/airflow/dags/DAG_etl_testDef.py                           1           0  0.74s           2022-11-22T22:19:04
================================================================================
[2022-11-22T22:20:02.165+0000] {manager.py:846} INFO - 
================================================================================
DAG File Processing Stats

File Path                             PID    Runtime      # DAGs    # Errors  Last Runtime    Last Run
------------------------------------  -----  ---------  --------  ----------  --------------  -------------------
/opt/airflow/dags/sample_dag.py                                1           0  0.37s           2022-11-22T22:19:35
/opt/airflow/dags/DAG_etl_testDef.py                           1           0  0.33s           2022-11-22T22:19:34
================================================================================
[2022-11-22T22:20:32.394+0000] {manager.py:846} INFO - 
================================================================================
DAG File Processing Stats

File Path                             PID    Runtime      # DAGs    # Errors  Last Runtime    Last Run
------------------------------------  -----  ---------  --------  ----------  --------------  -------------------
/opt/airflow/dags/sample_dag.py                                1           0  0.32s           2022-11-22T22:20:05
/opt/airflow/dags/DAG_etl_testDef.py                           1           0  0.33s           2022-11-22T22:20:05
================================================================================
[2022-11-22T22:20:53.610+0000] {manager.py:724} INFO - Searching for files in /opt/airflow/dags
[2022-11-22T22:20:53.621+0000] {manager.py:727} INFO - There are 2 files in /opt/airflow/dags
[2022-11-22T22:21:02.522+0000] {manager.py:846} INFO - 
================================================================================
DAG File Processing Stats

File Path                             PID    Runtime      # DAGs    # Errors  Last Runtime    Last Run
------------------------------------  -----  ---------  --------  ----------  --------------  -------------------
/opt/airflow/dags/sample_dag.py                                1           0  0.78s           2022-11-22T22:20:36
/opt/airflow/dags/DAG_etl_testDef.py                           1           0  0.54s           2022-11-22T22:20:36
================================================================================
[2022-11-22T22:21:32.572+0000] {manager.py:846} INFO - 
================================================================================
DAG File Processing Stats

File Path                             PID    Runtime      # DAGs    # Errors  Last Runtime    Last Run
------------------------------------  -----  ---------  --------  ----------  --------------  -------------------
/opt/airflow/dags/sample_dag.py                                1           0  0.82s           2022-11-22T22:21:07
/opt/airflow/dags/DAG_etl_testDef.py                           1           0  0.73s           2022-11-22T22:21:07
================================================================================
[2022-11-22T22:22:02.773+0000] {manager.py:846} INFO - 
================================================================================
DAG File Processing Stats

File Path                             PID    Runtime      # DAGs    # Errors  Last Runtime    Last Run
------------------------------------  -----  ---------  --------  ----------  --------------  -------------------
/opt/airflow/dags/sample_dag.py                                1           0  0.28s           2022-11-22T22:21:37
/opt/airflow/dags/DAG_etl_testDef.py                           1           0  0.29s           2022-11-22T22:21:37
================================================================================
[2022-11-22T22:22:33.545+0000] {manager.py:846} INFO - 
================================================================================
DAG File Processing Stats

File Path                             PID    Runtime      # DAGs    # Errors  Last Runtime    Last Run
------------------------------------  -----  ---------  --------  ----------  --------------  -------------------
/opt/airflow/dags/sample_dag.py                                1           0  0.30s           2022-11-22T22:22:08
/opt/airflow/dags/DAG_etl_testDef.py                           1           0  0.31s           2022-11-22T22:22:08
================================================================================
[2022-11-22T22:23:04.320+0000] {manager.py:846} INFO - 
================================================================================
DAG File Processing Stats

File Path                             PID    Runtime      # DAGs    # Errors  Last Runtime    Last Run
------------------------------------  -----  ---------  --------  ----------  --------------  -------------------
/opt/airflow/dags/sample_dag.py                                1           0  0.44s           2022-11-22T22:22:39
/opt/airflow/dags/DAG_etl_testDef.py                           1           0  0.48s           2022-11-22T22:22:39
================================================================================
[2022-11-22T22:23:34.424+0000] {manager.py:846} INFO - 
================================================================================
DAG File Processing Stats

File Path                             PID    Runtime      # DAGs    # Errors  Last Runtime    Last Run
------------------------------------  -----  ---------  --------  ----------  --------------  -------------------
/opt/airflow/dags/sample_dag.py                                1           0  0.95s           2022-11-22T22:23:10
/opt/airflow/dags/DAG_etl_testDef.py                           1           0  0.86s           2022-11-22T22:23:10
================================================================================
[2022-11-22T22:24:05.120+0000] {manager.py:846} INFO - 
================================================================================
DAG File Processing Stats

File Path                             PID    Runtime      # DAGs    # Errors  Last Runtime    Last Run
------------------------------------  -----  ---------  --------  ----------  --------------  -------------------
/opt/airflow/dags/sample_dag.py                                1           0  1.18s           2022-11-22T22:23:41
/opt/airflow/dags/DAG_etl_testDef.py                           1           0  1.20s           2022-11-22T22:23:41
================================================================================
[2022-11-22T22:24:35.173+0000] {manager.py:846} INFO - 
================================================================================
DAG File Processing Stats

File Path                             PID    Runtime      # DAGs    # Errors  Last Runtime    Last Run
------------------------------------  -----  ---------  --------  ----------  --------------  -------------------
/opt/airflow/dags/sample_dag.py                                1           0  0.66s           2022-11-22T22:24:12
/opt/airflow/dags/DAG_etl_testDef.py                           1           0  0.71s           2022-11-22T22:24:12
================================================================================
[2022-11-22T22:25:05.245+0000] {manager.py:846} INFO - 
================================================================================
DAG File Processing Stats

File Path                             PID    Runtime      # DAGs    # Errors  Last Runtime    Last Run
------------------------------------  -----  ---------  --------  ----------  --------------  -------------------
/opt/airflow/dags/sample_dag.py                                1           0  0.64s           2022-11-22T22:24:43
/opt/airflow/dags/DAG_etl_testDef.py                           1           0  0.66s           2022-11-22T22:24:43
================================================================================
[2022-11-22T22:25:35.355+0000] {manager.py:846} INFO - 
================================================================================
DAG File Processing Stats

File Path                             PID    Runtime      # DAGs    # Errors  Last Runtime    Last Run
------------------------------------  -----  ---------  --------  ----------  --------------  -------------------
/opt/airflow/dags/sample_dag.py                                1           0  0.81s           2022-11-22T22:25:15
/opt/airflow/dags/DAG_etl_testDef.py                           1           0  0.88s           2022-11-22T22:25:15
================================================================================
