[2022-11-12T13:00:35.148+0000] {taskinstance.py:1165} INFO - Dependencies all met for <TaskInstance: ETL.Transform scheduled__2022-11-11T00:00:00+00:00 [queued]>
[2022-11-12T13:00:35.221+0000] {taskinstance.py:1165} INFO - Dependencies all met for <TaskInstance: ETL.Transform scheduled__2022-11-11T00:00:00+00:00 [queued]>
[2022-11-12T13:00:35.231+0000] {taskinstance.py:1362} INFO - 
--------------------------------------------------------------------------------
[2022-11-12T13:00:35.234+0000] {taskinstance.py:1363} INFO - Starting attempt 1 of 1
[2022-11-12T13:00:35.240+0000] {taskinstance.py:1364} INFO - 
--------------------------------------------------------------------------------
[2022-11-12T13:00:35.334+0000] {taskinstance.py:1383} INFO - Executing <Task(PythonOperator): Transform> on 2022-11-11 00:00:00+00:00
[2022-11-12T13:00:35.379+0000] {standard_task_runner.py:55} INFO - Started process 230 to run task
[2022-11-12T13:00:35.419+0000] {standard_task_runner.py:82} INFO - Running: ['***', 'tasks', 'run', 'ETL', 'Transform', 'scheduled__2022-11-11T00:00:00+00:00', '--job-id', '3', '--raw', '--subdir', 'DAGS_FOLDER/etl.py', '--cfg-path', '/tmp/tmpo5sd_rzs']
[2022-11-12T13:00:35.442+0000] {standard_task_runner.py:83} INFO - Job 3: Subtask Transform
[2022-11-12T13:00:35.750+0000] {task_command.py:376} INFO - Running <TaskInstance: ETL.Transform scheduled__2022-11-11T00:00:00+00:00 [running]> on host bc6023eb63d2
[2022-11-12T13:00:36.038+0000] {taskinstance.py:1592} INFO - Exporting the following env vars:
AIRFLOW_CTX_DAG_OWNER=***
AIRFLOW_CTX_DAG_ID=ETL
AIRFLOW_CTX_TASK_ID=Transform
AIRFLOW_CTX_EXECUTION_DATE=2022-11-11T00:00:00+00:00
AIRFLOW_CTX_TRY_NUMBER=1
AIRFLOW_CTX_DAG_RUN_ID=scheduled__2022-11-11T00:00:00+00:00
[2022-11-12T13:00:36.052+0000] {logging_mixin.py:120} INFO - Prueba Transform EXITOSO!
[2022-11-12T13:00:36.054+0000] {python.py:177} INFO - Done. Returned value was: None
[2022-11-12T13:00:36.107+0000] {taskinstance.py:1406} INFO - Marking task as SUCCESS. dag_id=ETL, task_id=Transform, execution_date=20221111T000000, start_date=20221112T130035, end_date=20221112T130036
[2022-11-12T13:00:36.249+0000] {local_task_job.py:164} INFO - Task exited with return code 0
[2022-11-12T13:00:36.376+0000] {local_task_job.py:273} INFO - 1 downstream tasks scheduled from follow-on schedule check
[2022-11-12T14:08:02.122+0000] {taskinstance.py:1165} INFO - Dependencies all met for <TaskInstance: ETL.Transform scheduled__2022-11-11T00:00:00+00:00 [queued]>
[2022-11-12T14:08:02.156+0000] {taskinstance.py:1165} INFO - Dependencies all met for <TaskInstance: ETL.Transform scheduled__2022-11-11T00:00:00+00:00 [queued]>
[2022-11-12T14:08:02.159+0000] {taskinstance.py:1362} INFO - 
--------------------------------------------------------------------------------
[2022-11-12T14:08:02.166+0000] {taskinstance.py:1363} INFO - Starting attempt 1 of 1
[2022-11-12T14:08:02.169+0000] {taskinstance.py:1364} INFO - 
--------------------------------------------------------------------------------
[2022-11-12T14:08:02.250+0000] {taskinstance.py:1383} INFO - Executing <Task(PythonOperator): Transform> on 2022-11-11 00:00:00+00:00
[2022-11-12T14:08:02.274+0000] {standard_task_runner.py:55} INFO - Started process 232 to run task
[2022-11-12T14:08:02.285+0000] {standard_task_runner.py:82} INFO - Running: ['***', 'tasks', 'run', 'ETL', 'Transform', 'scheduled__2022-11-11T00:00:00+00:00', '--job-id', '4', '--raw', '--subdir', 'DAGS_FOLDER/DAG_etl_testDef.py', '--cfg-path', '/tmp/tmpbjfvi2l7']
[2022-11-12T14:08:02.348+0000] {standard_task_runner.py:83} INFO - Job 4: Subtask Transform
[2022-11-12T14:08:02.888+0000] {task_command.py:376} INFO - Running <TaskInstance: ETL.Transform scheduled__2022-11-11T00:00:00+00:00 [running]> on host 5e1e1b90c781
[2022-11-12T14:08:03.586+0000] {taskinstance.py:1592} INFO - Exporting the following env vars:
AIRFLOW_CTX_DAG_OWNER=***
AIRFLOW_CTX_DAG_ID=ETL
AIRFLOW_CTX_TASK_ID=Transform
AIRFLOW_CTX_EXECUTION_DATE=2022-11-11T00:00:00+00:00
AIRFLOW_CTX_TRY_NUMBER=1
AIRFLOW_CTX_DAG_RUN_ID=scheduled__2022-11-11T00:00:00+00:00
[2022-11-12T14:08:03.591+0000] {logging_mixin.py:120} INFO - Prueba Transform EXITOSO!
[2022-11-12T14:08:03.593+0000] {python.py:177} INFO - Done. Returned value was: None
[2022-11-12T14:08:03.623+0000] {taskinstance.py:1406} INFO - Marking task as SUCCESS. dag_id=ETL, task_id=Transform, execution_date=20221111T000000, start_date=20221112T140802, end_date=20221112T140803
[2022-11-12T14:08:03.753+0000] {local_task_job.py:164} INFO - Task exited with return code 0
[2022-11-12T14:08:04.026+0000] {local_task_job.py:273} INFO - 1 downstream tasks scheduled from follow-on schedule check
