[2022-11-11 01:47:09,792] {processor.py:153} INFO - Started process (PID=176) to work on /opt/airflow/dags/sample_dag.py
[2022-11-11 01:47:09,794] {processor.py:641} INFO - Processing file /opt/airflow/dags/sample_dag.py for tasks to queue
[2022-11-11 01:47:09,796] {logging_mixin.py:115} INFO - [2022-11-11 01:47:09,795] {dagbag.py:507} INFO - Filling up the DagBag from /opt/airflow/dags/sample_dag.py
[2022-11-11 01:47:09,833] {logging_mixin.py:115} INFO - [2022-11-11 01:47:09,829] {dagbag.py:320} ERROR - Failed to import: /opt/airflow/dags/sample_dag.py
Traceback (most recent call last):
  File "/home/airflow/.local/lib/python3.7/site-packages/airflow/models/dagbag.py", line 317, in parse
    loader.exec_module(new_module)
  File "<frozen importlib._bootstrap_external>", line 728, in exec_module
  File "<frozen importlib._bootstrap>", line 219, in _call_with_frames_removed
  File "/opt/airflow/dags/sample_dag.py", line 15, in <module>
    task_id='start'
  File "/home/airflow/.local/lib/python3.7/site-packages/airflow/models/baseoperator.py", line 390, in apply_defaults
    result = func(self, **kwargs, default_args=default_args)
  File "/home/airflow/.local/lib/python3.7/site-packages/airflow/models/baseoperator.py", line 390, in apply_defaults
    result = func(self, **kwargs, default_args=default_args)
  File "/home/airflow/.local/lib/python3.7/site-packages/airflow/models/baseoperator.py", line 874, in __init__
    self.dag = dag
  File "/home/airflow/.local/lib/python3.7/site-packages/airflow/models/baseoperator.py", line 984, in __setattr__
    super().__setattr__(key, value)
  File "/home/airflow/.local/lib/python3.7/site-packages/airflow/models/baseoperator.py", line 1042, in dag
    dag.add_task(self)
  File "/home/airflow/.local/lib/python3.7/site-packages/airflow/models/dag.py", line 2130, in add_task
    raise AirflowException("DAG is missing the start_date parameter")
airflow.exceptions.AirflowException: DAG is missing the start_date parameter
[2022-11-11 01:47:09,836] {processor.py:653} WARNING - No viable dags retrieved from /opt/airflow/dags/sample_dag.py
[2022-11-11 01:47:09,878] {processor.py:161} INFO - Processing /opt/airflow/dags/sample_dag.py took 0.093 seconds
[2022-11-11 01:47:39,947] {processor.py:153} INFO - Started process (PID=181) to work on /opt/airflow/dags/sample_dag.py
[2022-11-11 01:47:39,950] {processor.py:641} INFO - Processing file /opt/airflow/dags/sample_dag.py for tasks to queue
[2022-11-11 01:47:39,952] {logging_mixin.py:115} INFO - [2022-11-11 01:47:39,952] {dagbag.py:507} INFO - Filling up the DagBag from /opt/airflow/dags/sample_dag.py
[2022-11-11 01:47:39,975] {logging_mixin.py:115} INFO - [2022-11-11 01:47:39,969] {dagbag.py:320} ERROR - Failed to import: /opt/airflow/dags/sample_dag.py
Traceback (most recent call last):
  File "/home/airflow/.local/lib/python3.7/site-packages/airflow/models/dagbag.py", line 317, in parse
    loader.exec_module(new_module)
  File "<frozen importlib._bootstrap_external>", line 728, in exec_module
  File "<frozen importlib._bootstrap>", line 219, in _call_with_frames_removed
  File "/opt/airflow/dags/sample_dag.py", line 15, in <module>
    task_id='start'
  File "/home/airflow/.local/lib/python3.7/site-packages/airflow/models/baseoperator.py", line 390, in apply_defaults
    result = func(self, **kwargs, default_args=default_args)
  File "/home/airflow/.local/lib/python3.7/site-packages/airflow/models/baseoperator.py", line 390, in apply_defaults
    result = func(self, **kwargs, default_args=default_args)
  File "/home/airflow/.local/lib/python3.7/site-packages/airflow/models/baseoperator.py", line 874, in __init__
    self.dag = dag
  File "/home/airflow/.local/lib/python3.7/site-packages/airflow/models/baseoperator.py", line 984, in __setattr__
    super().__setattr__(key, value)
  File "/home/airflow/.local/lib/python3.7/site-packages/airflow/models/baseoperator.py", line 1042, in dag
    dag.add_task(self)
  File "/home/airflow/.local/lib/python3.7/site-packages/airflow/models/dag.py", line 2130, in add_task
    raise AirflowException("DAG is missing the start_date parameter")
airflow.exceptions.AirflowException: DAG is missing the start_date parameter
[2022-11-11 01:47:39,978] {processor.py:653} WARNING - No viable dags retrieved from /opt/airflow/dags/sample_dag.py
[2022-11-11 01:47:40,007] {processor.py:161} INFO - Processing /opt/airflow/dags/sample_dag.py took 0.067 seconds
[2022-11-11 01:48:10,296] {processor.py:153} INFO - Started process (PID=186) to work on /opt/airflow/dags/sample_dag.py
[2022-11-11 01:48:10,298] {processor.py:641} INFO - Processing file /opt/airflow/dags/sample_dag.py for tasks to queue
[2022-11-11 01:48:10,300] {logging_mixin.py:115} INFO - [2022-11-11 01:48:10,299] {dagbag.py:507} INFO - Filling up the DagBag from /opt/airflow/dags/sample_dag.py
[2022-11-11 01:48:10,321] {logging_mixin.py:115} INFO - [2022-11-11 01:48:10,311] {dagbag.py:320} ERROR - Failed to import: /opt/airflow/dags/sample_dag.py
Traceback (most recent call last):
  File "/home/airflow/.local/lib/python3.7/site-packages/airflow/models/dagbag.py", line 317, in parse
    loader.exec_module(new_module)
  File "<frozen importlib._bootstrap_external>", line 728, in exec_module
  File "<frozen importlib._bootstrap>", line 219, in _call_with_frames_removed
  File "/opt/airflow/dags/sample_dag.py", line 15, in <module>
    task_id='start'
  File "/home/airflow/.local/lib/python3.7/site-packages/airflow/models/baseoperator.py", line 390, in apply_defaults
    result = func(self, **kwargs, default_args=default_args)
  File "/home/airflow/.local/lib/python3.7/site-packages/airflow/models/baseoperator.py", line 390, in apply_defaults
    result = func(self, **kwargs, default_args=default_args)
  File "/home/airflow/.local/lib/python3.7/site-packages/airflow/models/baseoperator.py", line 874, in __init__
    self.dag = dag
  File "/home/airflow/.local/lib/python3.7/site-packages/airflow/models/baseoperator.py", line 984, in __setattr__
    super().__setattr__(key, value)
  File "/home/airflow/.local/lib/python3.7/site-packages/airflow/models/baseoperator.py", line 1042, in dag
    dag.add_task(self)
  File "/home/airflow/.local/lib/python3.7/site-packages/airflow/models/dag.py", line 2130, in add_task
    raise AirflowException("DAG is missing the start_date parameter")
airflow.exceptions.AirflowException: DAG is missing the start_date parameter
[2022-11-11 01:48:10,323] {processor.py:653} WARNING - No viable dags retrieved from /opt/airflow/dags/sample_dag.py
[2022-11-11 01:48:10,372] {processor.py:161} INFO - Processing /opt/airflow/dags/sample_dag.py took 0.080 seconds
[2022-11-11 01:48:40,463] {processor.py:153} INFO - Started process (PID=191) to work on /opt/airflow/dags/sample_dag.py
[2022-11-11 01:48:40,466] {processor.py:641} INFO - Processing file /opt/airflow/dags/sample_dag.py for tasks to queue
[2022-11-11 01:48:40,468] {logging_mixin.py:115} INFO - [2022-11-11 01:48:40,468] {dagbag.py:507} INFO - Filling up the DagBag from /opt/airflow/dags/sample_dag.py
[2022-11-11 01:48:40,487] {logging_mixin.py:115} INFO - [2022-11-11 01:48:40,482] {dagbag.py:320} ERROR - Failed to import: /opt/airflow/dags/sample_dag.py
Traceback (most recent call last):
  File "/home/airflow/.local/lib/python3.7/site-packages/airflow/models/dagbag.py", line 317, in parse
    loader.exec_module(new_module)
  File "<frozen importlib._bootstrap_external>", line 728, in exec_module
  File "<frozen importlib._bootstrap>", line 219, in _call_with_frames_removed
  File "/opt/airflow/dags/sample_dag.py", line 15, in <module>
    task_id='start'
  File "/home/airflow/.local/lib/python3.7/site-packages/airflow/models/baseoperator.py", line 390, in apply_defaults
    result = func(self, **kwargs, default_args=default_args)
  File "/home/airflow/.local/lib/python3.7/site-packages/airflow/models/baseoperator.py", line 390, in apply_defaults
    result = func(self, **kwargs, default_args=default_args)
  File "/home/airflow/.local/lib/python3.7/site-packages/airflow/models/baseoperator.py", line 874, in __init__
    self.dag = dag
  File "/home/airflow/.local/lib/python3.7/site-packages/airflow/models/baseoperator.py", line 984, in __setattr__
    super().__setattr__(key, value)
  File "/home/airflow/.local/lib/python3.7/site-packages/airflow/models/baseoperator.py", line 1042, in dag
    dag.add_task(self)
  File "/home/airflow/.local/lib/python3.7/site-packages/airflow/models/dag.py", line 2130, in add_task
    raise AirflowException("DAG is missing the start_date parameter")
airflow.exceptions.AirflowException: DAG is missing the start_date parameter
[2022-11-11 01:48:40,489] {processor.py:653} WARNING - No viable dags retrieved from /opt/airflow/dags/sample_dag.py
[2022-11-11 01:48:40,526] {processor.py:161} INFO - Processing /opt/airflow/dags/sample_dag.py took 0.071 seconds
[2022-11-11 01:49:10,625] {processor.py:153} INFO - Started process (PID=196) to work on /opt/airflow/dags/sample_dag.py
[2022-11-11 01:49:10,630] {processor.py:641} INFO - Processing file /opt/airflow/dags/sample_dag.py for tasks to queue
[2022-11-11 01:49:10,632] {logging_mixin.py:115} INFO - [2022-11-11 01:49:10,632] {dagbag.py:507} INFO - Filling up the DagBag from /opt/airflow/dags/sample_dag.py
[2022-11-11 01:49:10,662] {logging_mixin.py:115} INFO - [2022-11-11 01:49:10,657] {dagbag.py:320} ERROR - Failed to import: /opt/airflow/dags/sample_dag.py
Traceback (most recent call last):
  File "/home/airflow/.local/lib/python3.7/site-packages/airflow/models/dagbag.py", line 317, in parse
    loader.exec_module(new_module)
  File "<frozen importlib._bootstrap_external>", line 728, in exec_module
  File "<frozen importlib._bootstrap>", line 219, in _call_with_frames_removed
  File "/opt/airflow/dags/sample_dag.py", line 15, in <module>
    task_id='start'
  File "/home/airflow/.local/lib/python3.7/site-packages/airflow/models/baseoperator.py", line 390, in apply_defaults
    result = func(self, **kwargs, default_args=default_args)
  File "/home/airflow/.local/lib/python3.7/site-packages/airflow/models/baseoperator.py", line 390, in apply_defaults
    result = func(self, **kwargs, default_args=default_args)
  File "/home/airflow/.local/lib/python3.7/site-packages/airflow/models/baseoperator.py", line 874, in __init__
    self.dag = dag
  File "/home/airflow/.local/lib/python3.7/site-packages/airflow/models/baseoperator.py", line 984, in __setattr__
    super().__setattr__(key, value)
  File "/home/airflow/.local/lib/python3.7/site-packages/airflow/models/baseoperator.py", line 1042, in dag
    dag.add_task(self)
  File "/home/airflow/.local/lib/python3.7/site-packages/airflow/models/dag.py", line 2130, in add_task
    raise AirflowException("DAG is missing the start_date parameter")
airflow.exceptions.AirflowException: DAG is missing the start_date parameter
[2022-11-11 01:49:10,664] {processor.py:653} WARNING - No viable dags retrieved from /opt/airflow/dags/sample_dag.py
[2022-11-11 01:49:10,703] {processor.py:161} INFO - Processing /opt/airflow/dags/sample_dag.py took 0.085 seconds
[2022-11-11 01:49:28,707] {processor.py:153} INFO - Started process (PID=201) to work on /opt/airflow/dags/sample_dag.py
[2022-11-11 01:49:28,717] {processor.py:641} INFO - Processing file /opt/airflow/dags/sample_dag.py for tasks to queue
[2022-11-11 01:49:28,722] {logging_mixin.py:115} INFO - [2022-11-11 01:49:28,722] {dagbag.py:507} INFO - Filling up the DagBag from /opt/airflow/dags/sample_dag.py
[2022-11-11 01:49:28,815] {processor.py:651} INFO - DAG(s) dict_keys(['first_sample_dag']) retrieved from /opt/airflow/dags/sample_dag.py
[2022-11-11 01:49:29,086] {logging_mixin.py:115} INFO - [2022-11-11 01:49:29,086] {manager.py:508} INFO - Created Permission View: can delete on DAG:first_sample_dag
[2022-11-11 01:49:29,110] {logging_mixin.py:115} INFO - [2022-11-11 01:49:29,110] {manager.py:508} INFO - Created Permission View: can edit on DAG:first_sample_dag
[2022-11-11 01:49:29,127] {logging_mixin.py:115} INFO - [2022-11-11 01:49:29,127] {manager.py:508} INFO - Created Permission View: can read on DAG:first_sample_dag
[2022-11-11 01:49:29,130] {logging_mixin.py:115} INFO - [2022-11-11 01:49:29,129] {dag.py:2371} INFO - Sync 1 DAGs
[2022-11-11 01:49:29,147] {logging_mixin.py:115} INFO - [2022-11-11 01:49:29,147] {dag.py:2390} INFO - Creating ORM DAG for first_sample_dag
[2022-11-11 01:49:29,171] {logging_mixin.py:115} INFO - [2022-11-11 01:49:29,171] {dag.py:2919} INFO - Setting next_dagrun for first_sample_dag to None, run_after=None
[2022-11-11 01:49:29,201] {processor.py:161} INFO - Processing /opt/airflow/dags/sample_dag.py took 0.499 seconds
[2022-11-11 01:49:59,309] {processor.py:153} INFO - Started process (PID=206) to work on /opt/airflow/dags/sample_dag.py
[2022-11-11 01:49:59,311] {processor.py:641} INFO - Processing file /opt/airflow/dags/sample_dag.py for tasks to queue
[2022-11-11 01:49:59,313] {logging_mixin.py:115} INFO - [2022-11-11 01:49:59,312] {dagbag.py:507} INFO - Filling up the DagBag from /opt/airflow/dags/sample_dag.py
[2022-11-11 01:49:59,336] {processor.py:651} INFO - DAG(s) dict_keys(['first_sample_dag']) retrieved from /opt/airflow/dags/sample_dag.py
[2022-11-11 01:49:59,376] {logging_mixin.py:115} INFO - [2022-11-11 01:49:59,376] {dag.py:2371} INFO - Sync 1 DAGs
[2022-11-11 01:49:59,409] {logging_mixin.py:115} INFO - [2022-11-11 01:49:59,409] {dag.py:2919} INFO - Setting next_dagrun for first_sample_dag to None, run_after=None
[2022-11-11 01:49:59,433] {processor.py:161} INFO - Processing /opt/airflow/dags/sample_dag.py took 0.129 seconds
[2022-11-11 01:50:29,546] {processor.py:153} INFO - Started process (PID=214) to work on /opt/airflow/dags/sample_dag.py
[2022-11-11 01:50:29,548] {processor.py:641} INFO - Processing file /opt/airflow/dags/sample_dag.py for tasks to queue
[2022-11-11 01:50:29,553] {logging_mixin.py:115} INFO - [2022-11-11 01:50:29,553] {dagbag.py:507} INFO - Filling up the DagBag from /opt/airflow/dags/sample_dag.py
[2022-11-11 01:50:29,607] {processor.py:651} INFO - DAG(s) dict_keys(['first_sample_dag']) retrieved from /opt/airflow/dags/sample_dag.py
[2022-11-11 01:50:29,664] {logging_mixin.py:115} INFO - [2022-11-11 01:50:29,664] {dag.py:2371} INFO - Sync 1 DAGs
[2022-11-11 01:50:29,694] {logging_mixin.py:115} INFO - [2022-11-11 01:50:29,694] {dag.py:2919} INFO - Setting next_dagrun for first_sample_dag to None, run_after=None
[2022-11-11 01:50:29,714] {processor.py:161} INFO - Processing /opt/airflow/dags/sample_dag.py took 0.172 seconds
[2022-11-11 01:50:59,824] {processor.py:153} INFO - Started process (PID=219) to work on /opt/airflow/dags/sample_dag.py
[2022-11-11 01:50:59,826] {processor.py:641} INFO - Processing file /opt/airflow/dags/sample_dag.py for tasks to queue
[2022-11-11 01:50:59,828] {logging_mixin.py:115} INFO - [2022-11-11 01:50:59,827] {dagbag.py:507} INFO - Filling up the DagBag from /opt/airflow/dags/sample_dag.py
[2022-11-11 01:50:59,861] {processor.py:651} INFO - DAG(s) dict_keys(['first_sample_dag']) retrieved from /opt/airflow/dags/sample_dag.py
[2022-11-11 01:50:59,926] {logging_mixin.py:115} INFO - [2022-11-11 01:50:59,926] {dag.py:2371} INFO - Sync 1 DAGs
[2022-11-11 01:51:00,001] {logging_mixin.py:115} INFO - [2022-11-11 01:51:00,001] {dag.py:2919} INFO - Setting next_dagrun for first_sample_dag to None, run_after=None
[2022-11-11 01:51:00,043] {processor.py:161} INFO - Processing /opt/airflow/dags/sample_dag.py took 0.230 seconds
[2022-11-11 01:51:30,154] {processor.py:153} INFO - Started process (PID=224) to work on /opt/airflow/dags/sample_dag.py
[2022-11-11 01:51:30,157] {processor.py:641} INFO - Processing file /opt/airflow/dags/sample_dag.py for tasks to queue
[2022-11-11 01:51:30,163] {logging_mixin.py:115} INFO - [2022-11-11 01:51:30,163] {dagbag.py:507} INFO - Filling up the DagBag from /opt/airflow/dags/sample_dag.py
[2022-11-11 01:51:30,189] {processor.py:651} INFO - DAG(s) dict_keys(['first_sample_dag']) retrieved from /opt/airflow/dags/sample_dag.py
[2022-11-11 01:51:30,249] {logging_mixin.py:115} INFO - [2022-11-11 01:51:30,249] {dag.py:2371} INFO - Sync 1 DAGs
[2022-11-11 01:51:30,289] {logging_mixin.py:115} INFO - [2022-11-11 01:51:30,289] {dag.py:2919} INFO - Setting next_dagrun for first_sample_dag to None, run_after=None
[2022-11-11 01:51:30,319] {processor.py:161} INFO - Processing /opt/airflow/dags/sample_dag.py took 0.170 seconds
[2022-11-11 01:52:00,443] {processor.py:153} INFO - Started process (PID=229) to work on /opt/airflow/dags/sample_dag.py
[2022-11-11 01:52:00,446] {processor.py:641} INFO - Processing file /opt/airflow/dags/sample_dag.py for tasks to queue
[2022-11-11 01:52:00,448] {logging_mixin.py:115} INFO - [2022-11-11 01:52:00,448] {dagbag.py:507} INFO - Filling up the DagBag from /opt/airflow/dags/sample_dag.py
[2022-11-11 01:52:00,465] {processor.py:651} INFO - DAG(s) dict_keys(['first_sample_dag']) retrieved from /opt/airflow/dags/sample_dag.py
[2022-11-11 01:52:00,500] {logging_mixin.py:115} INFO - [2022-11-11 01:52:00,500] {dag.py:2371} INFO - Sync 1 DAGs
[2022-11-11 01:52:00,543] {logging_mixin.py:115} INFO - [2022-11-11 01:52:00,542] {dag.py:2919} INFO - Setting next_dagrun for first_sample_dag to None, run_after=None
[2022-11-11 01:52:00,559] {processor.py:161} INFO - Processing /opt/airflow/dags/sample_dag.py took 0.120 seconds
[2022-11-11 01:52:30,657] {processor.py:153} INFO - Started process (PID=234) to work on /opt/airflow/dags/sample_dag.py
[2022-11-11 01:52:30,660] {processor.py:641} INFO - Processing file /opt/airflow/dags/sample_dag.py for tasks to queue
[2022-11-11 01:52:30,663] {logging_mixin.py:115} INFO - [2022-11-11 01:52:30,662] {dagbag.py:507} INFO - Filling up the DagBag from /opt/airflow/dags/sample_dag.py
[2022-11-11 01:52:30,688] {processor.py:651} INFO - DAG(s) dict_keys(['first_sample_dag']) retrieved from /opt/airflow/dags/sample_dag.py
[2022-11-11 01:52:30,734] {logging_mixin.py:115} INFO - [2022-11-11 01:52:30,734] {dag.py:2371} INFO - Sync 1 DAGs
[2022-11-11 01:52:30,774] {logging_mixin.py:115} INFO - [2022-11-11 01:52:30,774] {dag.py:2919} INFO - Setting next_dagrun for first_sample_dag to None, run_after=None
[2022-11-11 01:52:30,796] {processor.py:161} INFO - Processing /opt/airflow/dags/sample_dag.py took 0.147 seconds
[2022-11-11 01:53:00,889] {processor.py:153} INFO - Started process (PID=239) to work on /opt/airflow/dags/sample_dag.py
[2022-11-11 01:53:00,890] {processor.py:641} INFO - Processing file /opt/airflow/dags/sample_dag.py for tasks to queue
[2022-11-11 01:53:00,892] {logging_mixin.py:115} INFO - [2022-11-11 01:53:00,892] {dagbag.py:507} INFO - Filling up the DagBag from /opt/airflow/dags/sample_dag.py
[2022-11-11 01:53:00,909] {processor.py:651} INFO - DAG(s) dict_keys(['first_sample_dag']) retrieved from /opt/airflow/dags/sample_dag.py
[2022-11-11 01:53:00,945] {logging_mixin.py:115} INFO - [2022-11-11 01:53:00,945] {dag.py:2371} INFO - Sync 1 DAGs
[2022-11-11 01:53:00,974] {logging_mixin.py:115} INFO - [2022-11-11 01:53:00,974] {dag.py:2919} INFO - Setting next_dagrun for first_sample_dag to None, run_after=None
[2022-11-11 01:53:00,991] {processor.py:161} INFO - Processing /opt/airflow/dags/sample_dag.py took 0.107 seconds
[2022-11-11 01:53:31,118] {processor.py:153} INFO - Started process (PID=244) to work on /opt/airflow/dags/sample_dag.py
[2022-11-11 01:53:31,122] {processor.py:641} INFO - Processing file /opt/airflow/dags/sample_dag.py for tasks to queue
[2022-11-11 01:53:31,125] {logging_mixin.py:115} INFO - [2022-11-11 01:53:31,124] {dagbag.py:507} INFO - Filling up the DagBag from /opt/airflow/dags/sample_dag.py
[2022-11-11 01:53:31,156] {processor.py:651} INFO - DAG(s) dict_keys(['first_sample_dag']) retrieved from /opt/airflow/dags/sample_dag.py
[2022-11-11 01:53:31,198] {logging_mixin.py:115} INFO - [2022-11-11 01:53:31,198] {dag.py:2371} INFO - Sync 1 DAGs
[2022-11-11 01:53:31,248] {logging_mixin.py:115} INFO - [2022-11-11 01:53:31,247] {dag.py:2919} INFO - Setting next_dagrun for first_sample_dag to None, run_after=None
[2022-11-11 01:53:31,272] {processor.py:161} INFO - Processing /opt/airflow/dags/sample_dag.py took 0.164 seconds
[2022-11-11 01:54:01,391] {processor.py:153} INFO - Started process (PID=249) to work on /opt/airflow/dags/sample_dag.py
[2022-11-11 01:54:01,393] {processor.py:641} INFO - Processing file /opt/airflow/dags/sample_dag.py for tasks to queue
[2022-11-11 01:54:01,396] {logging_mixin.py:115} INFO - [2022-11-11 01:54:01,396] {dagbag.py:507} INFO - Filling up the DagBag from /opt/airflow/dags/sample_dag.py
[2022-11-11 01:54:01,446] {processor.py:651} INFO - DAG(s) dict_keys(['first_sample_dag']) retrieved from /opt/airflow/dags/sample_dag.py
[2022-11-11 01:54:01,578] {logging_mixin.py:115} INFO - [2022-11-11 01:54:01,578] {dag.py:2371} INFO - Sync 1 DAGs
[2022-11-11 01:54:01,618] {logging_mixin.py:115} INFO - [2022-11-11 01:54:01,618] {dag.py:2919} INFO - Setting next_dagrun for first_sample_dag to None, run_after=None
[2022-11-11 01:54:01,679] {processor.py:161} INFO - Processing /opt/airflow/dags/sample_dag.py took 0.303 seconds
[2022-11-11 01:54:31,856] {processor.py:153} INFO - Started process (PID=254) to work on /opt/airflow/dags/sample_dag.py
[2022-11-11 01:54:31,860] {processor.py:641} INFO - Processing file /opt/airflow/dags/sample_dag.py for tasks to queue
[2022-11-11 01:54:31,868] {logging_mixin.py:115} INFO - [2022-11-11 01:54:31,868] {dagbag.py:507} INFO - Filling up the DagBag from /opt/airflow/dags/sample_dag.py
[2022-11-11 01:54:31,896] {processor.py:651} INFO - DAG(s) dict_keys(['first_sample_dag']) retrieved from /opt/airflow/dags/sample_dag.py
[2022-11-11 01:54:31,936] {logging_mixin.py:115} INFO - [2022-11-11 01:54:31,936] {dag.py:2371} INFO - Sync 1 DAGs
[2022-11-11 01:54:31,973] {logging_mixin.py:115} INFO - [2022-11-11 01:54:31,973] {dag.py:2919} INFO - Setting next_dagrun for first_sample_dag to None, run_after=None
[2022-11-11 01:54:31,996] {processor.py:161} INFO - Processing /opt/airflow/dags/sample_dag.py took 0.148 seconds
[2022-11-11 01:55:02,097] {processor.py:153} INFO - Started process (PID=259) to work on /opt/airflow/dags/sample_dag.py
[2022-11-11 01:55:02,098] {processor.py:641} INFO - Processing file /opt/airflow/dags/sample_dag.py for tasks to queue
[2022-11-11 01:55:02,100] {logging_mixin.py:115} INFO - [2022-11-11 01:55:02,100] {dagbag.py:507} INFO - Filling up the DagBag from /opt/airflow/dags/sample_dag.py
[2022-11-11 01:55:02,117] {processor.py:651} INFO - DAG(s) dict_keys(['first_sample_dag']) retrieved from /opt/airflow/dags/sample_dag.py
[2022-11-11 01:55:02,166] {logging_mixin.py:115} INFO - [2022-11-11 01:55:02,166] {dag.py:2371} INFO - Sync 1 DAGs
[2022-11-11 01:55:02,203] {logging_mixin.py:115} INFO - [2022-11-11 01:55:02,203] {dag.py:2919} INFO - Setting next_dagrun for first_sample_dag to None, run_after=None
[2022-11-11 01:55:02,220] {processor.py:161} INFO - Processing /opt/airflow/dags/sample_dag.py took 0.127 seconds
[2022-11-11 01:55:32,405] {processor.py:153} INFO - Started process (PID=264) to work on /opt/airflow/dags/sample_dag.py
[2022-11-11 01:55:32,408] {processor.py:641} INFO - Processing file /opt/airflow/dags/sample_dag.py for tasks to queue
[2022-11-11 01:55:32,409] {logging_mixin.py:115} INFO - [2022-11-11 01:55:32,409] {dagbag.py:507} INFO - Filling up the DagBag from /opt/airflow/dags/sample_dag.py
[2022-11-11 01:55:32,428] {processor.py:651} INFO - DAG(s) dict_keys(['first_sample_dag']) retrieved from /opt/airflow/dags/sample_dag.py
[2022-11-11 01:55:32,466] {logging_mixin.py:115} INFO - [2022-11-11 01:55:32,466] {dag.py:2371} INFO - Sync 1 DAGs
[2022-11-11 01:55:32,503] {logging_mixin.py:115} INFO - [2022-11-11 01:55:32,503] {dag.py:2919} INFO - Setting next_dagrun for first_sample_dag to None, run_after=None
[2022-11-11 01:55:32,522] {processor.py:161} INFO - Processing /opt/airflow/dags/sample_dag.py took 0.122 seconds
[2022-11-11 01:56:02,627] {processor.py:153} INFO - Started process (PID=269) to work on /opt/airflow/dags/sample_dag.py
[2022-11-11 01:56:02,630] {processor.py:641} INFO - Processing file /opt/airflow/dags/sample_dag.py for tasks to queue
[2022-11-11 01:56:02,632] {logging_mixin.py:115} INFO - [2022-11-11 01:56:02,632] {dagbag.py:507} INFO - Filling up the DagBag from /opt/airflow/dags/sample_dag.py
[2022-11-11 01:56:02,660] {processor.py:651} INFO - DAG(s) dict_keys(['first_sample_dag']) retrieved from /opt/airflow/dags/sample_dag.py
[2022-11-11 01:56:02,703] {logging_mixin.py:115} INFO - [2022-11-11 01:56:02,703] {dag.py:2371} INFO - Sync 1 DAGs
[2022-11-11 01:56:02,736] {logging_mixin.py:115} INFO - [2022-11-11 01:56:02,736] {dag.py:2919} INFO - Setting next_dagrun for first_sample_dag to None, run_after=None
[2022-11-11 01:56:02,755] {processor.py:161} INFO - Processing /opt/airflow/dags/sample_dag.py took 0.134 seconds
[2022-11-11 01:56:32,855] {processor.py:153} INFO - Started process (PID=274) to work on /opt/airflow/dags/sample_dag.py
[2022-11-11 01:56:32,856] {processor.py:641} INFO - Processing file /opt/airflow/dags/sample_dag.py for tasks to queue
[2022-11-11 01:56:32,859] {logging_mixin.py:115} INFO - [2022-11-11 01:56:32,859] {dagbag.py:507} INFO - Filling up the DagBag from /opt/airflow/dags/sample_dag.py
[2022-11-11 01:56:32,877] {processor.py:651} INFO - DAG(s) dict_keys(['first_sample_dag']) retrieved from /opt/airflow/dags/sample_dag.py
[2022-11-11 01:56:32,914] {logging_mixin.py:115} INFO - [2022-11-11 01:56:32,914] {dag.py:2371} INFO - Sync 1 DAGs
[2022-11-11 01:56:32,943] {logging_mixin.py:115} INFO - [2022-11-11 01:56:32,943] {dag.py:2919} INFO - Setting next_dagrun for first_sample_dag to None, run_after=None
[2022-11-11 01:56:32,962] {processor.py:161} INFO - Processing /opt/airflow/dags/sample_dag.py took 0.114 seconds
[2022-11-11 01:57:03,060] {processor.py:153} INFO - Started process (PID=279) to work on /opt/airflow/dags/sample_dag.py
[2022-11-11 01:57:03,062] {processor.py:641} INFO - Processing file /opt/airflow/dags/sample_dag.py for tasks to queue
[2022-11-11 01:57:03,064] {logging_mixin.py:115} INFO - [2022-11-11 01:57:03,064] {dagbag.py:507} INFO - Filling up the DagBag from /opt/airflow/dags/sample_dag.py
[2022-11-11 01:57:03,085] {processor.py:651} INFO - DAG(s) dict_keys(['first_sample_dag']) retrieved from /opt/airflow/dags/sample_dag.py
[2022-11-11 01:57:03,122] {logging_mixin.py:115} INFO - [2022-11-11 01:57:03,122] {dag.py:2371} INFO - Sync 1 DAGs
[2022-11-11 01:57:03,153] {logging_mixin.py:115} INFO - [2022-11-11 01:57:03,153] {dag.py:2919} INFO - Setting next_dagrun for first_sample_dag to None, run_after=None
[2022-11-11 01:57:03,166] {processor.py:161} INFO - Processing /opt/airflow/dags/sample_dag.py took 0.113 seconds
[2022-11-11 01:57:33,260] {processor.py:153} INFO - Started process (PID=284) to work on /opt/airflow/dags/sample_dag.py
[2022-11-11 01:57:33,261] {processor.py:641} INFO - Processing file /opt/airflow/dags/sample_dag.py for tasks to queue
[2022-11-11 01:57:33,263] {logging_mixin.py:115} INFO - [2022-11-11 01:57:33,263] {dagbag.py:507} INFO - Filling up the DagBag from /opt/airflow/dags/sample_dag.py
[2022-11-11 01:57:33,283] {processor.py:651} INFO - DAG(s) dict_keys(['first_sample_dag']) retrieved from /opt/airflow/dags/sample_dag.py
[2022-11-11 01:57:33,322] {logging_mixin.py:115} INFO - [2022-11-11 01:57:33,322] {dag.py:2371} INFO - Sync 1 DAGs
[2022-11-11 01:57:33,353] {logging_mixin.py:115} INFO - [2022-11-11 01:57:33,353] {dag.py:2919} INFO - Setting next_dagrun for first_sample_dag to None, run_after=None
[2022-11-11 01:57:33,374] {processor.py:161} INFO - Processing /opt/airflow/dags/sample_dag.py took 0.121 seconds
[2022-11-11 01:58:03,549] {processor.py:153} INFO - Started process (PID=289) to work on /opt/airflow/dags/sample_dag.py
[2022-11-11 01:58:03,561] {processor.py:641} INFO - Processing file /opt/airflow/dags/sample_dag.py for tasks to queue
[2022-11-11 01:58:03,576] {logging_mixin.py:115} INFO - [2022-11-11 01:58:03,576] {dagbag.py:507} INFO - Filling up the DagBag from /opt/airflow/dags/sample_dag.py
[2022-11-11 01:58:03,631] {processor.py:651} INFO - DAG(s) dict_keys(['first_sample_dag']) retrieved from /opt/airflow/dags/sample_dag.py
[2022-11-11 01:58:03,728] {logging_mixin.py:115} INFO - [2022-11-11 01:58:03,727] {dag.py:2371} INFO - Sync 1 DAGs
[2022-11-11 01:58:03,814] {logging_mixin.py:115} INFO - [2022-11-11 01:58:03,813] {dag.py:2919} INFO - Setting next_dagrun for first_sample_dag to None, run_after=None
[2022-11-11 01:58:03,873] {processor.py:161} INFO - Processing /opt/airflow/dags/sample_dag.py took 0.336 seconds
[2022-11-11 01:58:34,005] {processor.py:153} INFO - Started process (PID=294) to work on /opt/airflow/dags/sample_dag.py
[2022-11-11 01:58:34,007] {processor.py:641} INFO - Processing file /opt/airflow/dags/sample_dag.py for tasks to queue
[2022-11-11 01:58:34,009] {logging_mixin.py:115} INFO - [2022-11-11 01:58:34,008] {dagbag.py:507} INFO - Filling up the DagBag from /opt/airflow/dags/sample_dag.py
[2022-11-11 01:58:34,025] {processor.py:651} INFO - DAG(s) dict_keys(['first_sample_dag']) retrieved from /opt/airflow/dags/sample_dag.py
[2022-11-11 01:58:34,062] {logging_mixin.py:115} INFO - [2022-11-11 01:58:34,062] {dag.py:2371} INFO - Sync 1 DAGs
[2022-11-11 01:58:34,097] {logging_mixin.py:115} INFO - [2022-11-11 01:58:34,096] {dag.py:2919} INFO - Setting next_dagrun for first_sample_dag to None, run_after=None
[2022-11-11 01:58:34,117] {processor.py:161} INFO - Processing /opt/airflow/dags/sample_dag.py took 0.116 seconds
[2022-11-11 01:59:04,229] {processor.py:153} INFO - Started process (PID=299) to work on /opt/airflow/dags/sample_dag.py
[2022-11-11 01:59:04,231] {processor.py:641} INFO - Processing file /opt/airflow/dags/sample_dag.py for tasks to queue
[2022-11-11 01:59:04,234] {logging_mixin.py:115} INFO - [2022-11-11 01:59:04,233] {dagbag.py:507} INFO - Filling up the DagBag from /opt/airflow/dags/sample_dag.py
[2022-11-11 01:59:04,283] {processor.py:651} INFO - DAG(s) dict_keys(['first_sample_dag']) retrieved from /opt/airflow/dags/sample_dag.py
[2022-11-11 01:59:04,359] {logging_mixin.py:115} INFO - [2022-11-11 01:59:04,359] {dag.py:2371} INFO - Sync 1 DAGs
[2022-11-11 01:59:04,405] {logging_mixin.py:115} INFO - [2022-11-11 01:59:04,405] {dag.py:2919} INFO - Setting next_dagrun for first_sample_dag to None, run_after=None
[2022-11-11 01:59:04,438] {processor.py:161} INFO - Processing /opt/airflow/dags/sample_dag.py took 0.221 seconds
[2022-11-11 01:59:34,548] {processor.py:153} INFO - Started process (PID=304) to work on /opt/airflow/dags/sample_dag.py
[2022-11-11 01:59:34,549] {processor.py:641} INFO - Processing file /opt/airflow/dags/sample_dag.py for tasks to queue
[2022-11-11 01:59:34,552] {logging_mixin.py:115} INFO - [2022-11-11 01:59:34,552] {dagbag.py:507} INFO - Filling up the DagBag from /opt/airflow/dags/sample_dag.py
[2022-11-11 01:59:34,576] {processor.py:651} INFO - DAG(s) dict_keys(['first_sample_dag']) retrieved from /opt/airflow/dags/sample_dag.py
[2022-11-11 01:59:34,637] {logging_mixin.py:115} INFO - [2022-11-11 01:59:34,637] {dag.py:2371} INFO - Sync 1 DAGs
[2022-11-11 01:59:34,683] {logging_mixin.py:115} INFO - [2022-11-11 01:59:34,683] {dag.py:2919} INFO - Setting next_dagrun for first_sample_dag to None, run_after=None
[2022-11-11 01:59:34,719] {processor.py:161} INFO - Processing /opt/airflow/dags/sample_dag.py took 0.178 seconds
[2022-11-11 02:00:04,849] {processor.py:153} INFO - Started process (PID=309) to work on /opt/airflow/dags/sample_dag.py
[2022-11-11 02:00:04,851] {processor.py:641} INFO - Processing file /opt/airflow/dags/sample_dag.py for tasks to queue
[2022-11-11 02:00:04,853] {logging_mixin.py:115} INFO - [2022-11-11 02:00:04,853] {dagbag.py:507} INFO - Filling up the DagBag from /opt/airflow/dags/sample_dag.py
[2022-11-11 02:00:04,884] {processor.py:651} INFO - DAG(s) dict_keys(['first_sample_dag']) retrieved from /opt/airflow/dags/sample_dag.py
[2022-11-11 02:00:04,936] {logging_mixin.py:115} INFO - [2022-11-11 02:00:04,936] {dag.py:2371} INFO - Sync 1 DAGs
[2022-11-11 02:00:04,972] {logging_mixin.py:115} INFO - [2022-11-11 02:00:04,972] {dag.py:2919} INFO - Setting next_dagrun for first_sample_dag to None, run_after=None
[2022-11-11 02:00:04,994] {processor.py:161} INFO - Processing /opt/airflow/dags/sample_dag.py took 0.152 seconds
[2022-11-11 02:00:35,095] {processor.py:153} INFO - Started process (PID=314) to work on /opt/airflow/dags/sample_dag.py
[2022-11-11 02:00:35,097] {processor.py:641} INFO - Processing file /opt/airflow/dags/sample_dag.py for tasks to queue
[2022-11-11 02:00:35,098] {logging_mixin.py:115} INFO - [2022-11-11 02:00:35,098] {dagbag.py:507} INFO - Filling up the DagBag from /opt/airflow/dags/sample_dag.py
[2022-11-11 02:00:35,120] {processor.py:651} INFO - DAG(s) dict_keys(['first_sample_dag']) retrieved from /opt/airflow/dags/sample_dag.py
[2022-11-11 02:00:35,162] {logging_mixin.py:115} INFO - [2022-11-11 02:00:35,162] {dag.py:2371} INFO - Sync 1 DAGs
[2022-11-11 02:00:35,195] {logging_mixin.py:115} INFO - [2022-11-11 02:00:35,195] {dag.py:2919} INFO - Setting next_dagrun for first_sample_dag to None, run_after=None
[2022-11-11 02:00:35,228] {processor.py:161} INFO - Processing /opt/airflow/dags/sample_dag.py took 0.140 seconds
[2022-11-11 02:01:05,326] {processor.py:153} INFO - Started process (PID=319) to work on /opt/airflow/dags/sample_dag.py
[2022-11-11 02:01:05,328] {processor.py:641} INFO - Processing file /opt/airflow/dags/sample_dag.py for tasks to queue
[2022-11-11 02:01:05,330] {logging_mixin.py:115} INFO - [2022-11-11 02:01:05,330] {dagbag.py:507} INFO - Filling up the DagBag from /opt/airflow/dags/sample_dag.py
[2022-11-11 02:01:05,359] {processor.py:651} INFO - DAG(s) dict_keys(['first_sample_dag']) retrieved from /opt/airflow/dags/sample_dag.py
[2022-11-11 02:01:05,401] {logging_mixin.py:115} INFO - [2022-11-11 02:01:05,401] {dag.py:2371} INFO - Sync 1 DAGs
[2022-11-11 02:01:05,433] {logging_mixin.py:115} INFO - [2022-11-11 02:01:05,433] {dag.py:2919} INFO - Setting next_dagrun for first_sample_dag to None, run_after=None
[2022-11-11 02:01:05,452] {processor.py:161} INFO - Processing /opt/airflow/dags/sample_dag.py took 0.133 seconds
[2022-11-11 02:01:35,573] {processor.py:153} INFO - Started process (PID=324) to work on /opt/airflow/dags/sample_dag.py
[2022-11-11 02:01:35,575] {processor.py:641} INFO - Processing file /opt/airflow/dags/sample_dag.py for tasks to queue
[2022-11-11 02:01:35,577] {logging_mixin.py:115} INFO - [2022-11-11 02:01:35,577] {dagbag.py:507} INFO - Filling up the DagBag from /opt/airflow/dags/sample_dag.py
[2022-11-11 02:01:35,599] {processor.py:651} INFO - DAG(s) dict_keys(['first_sample_dag']) retrieved from /opt/airflow/dags/sample_dag.py
[2022-11-11 02:01:35,689] {logging_mixin.py:115} INFO - [2022-11-11 02:01:35,688] {dag.py:2371} INFO - Sync 1 DAGs
[2022-11-11 02:01:35,770] {logging_mixin.py:115} INFO - [2022-11-11 02:01:35,770] {dag.py:2919} INFO - Setting next_dagrun for first_sample_dag to None, run_after=None
[2022-11-11 02:01:35,797] {processor.py:161} INFO - Processing /opt/airflow/dags/sample_dag.py took 0.231 seconds
[2022-11-11 02:02:05,906] {processor.py:153} INFO - Started process (PID=329) to work on /opt/airflow/dags/sample_dag.py
[2022-11-11 02:02:05,909] {processor.py:641} INFO - Processing file /opt/airflow/dags/sample_dag.py for tasks to queue
[2022-11-11 02:02:05,911] {logging_mixin.py:115} INFO - [2022-11-11 02:02:05,911] {dagbag.py:507} INFO - Filling up the DagBag from /opt/airflow/dags/sample_dag.py
[2022-11-11 02:02:05,931] {processor.py:651} INFO - DAG(s) dict_keys(['first_sample_dag']) retrieved from /opt/airflow/dags/sample_dag.py
[2022-11-11 02:02:05,972] {logging_mixin.py:115} INFO - [2022-11-11 02:02:05,972] {dag.py:2371} INFO - Sync 1 DAGs
[2022-11-11 02:02:06,011] {logging_mixin.py:115} INFO - [2022-11-11 02:02:06,011] {dag.py:2919} INFO - Setting next_dagrun for first_sample_dag to None, run_after=None
[2022-11-11 02:02:06,039] {processor.py:161} INFO - Processing /opt/airflow/dags/sample_dag.py took 0.137 seconds
[2022-11-11 02:02:36,219] {processor.py:153} INFO - Started process (PID=334) to work on /opt/airflow/dags/sample_dag.py
[2022-11-11 02:02:36,222] {processor.py:641} INFO - Processing file /opt/airflow/dags/sample_dag.py for tasks to queue
[2022-11-11 02:02:36,224] {logging_mixin.py:115} INFO - [2022-11-11 02:02:36,223] {dagbag.py:507} INFO - Filling up the DagBag from /opt/airflow/dags/sample_dag.py
[2022-11-11 02:02:36,240] {processor.py:651} INFO - DAG(s) dict_keys(['first_sample_dag']) retrieved from /opt/airflow/dags/sample_dag.py
[2022-11-11 02:02:36,277] {logging_mixin.py:115} INFO - [2022-11-11 02:02:36,277] {dag.py:2371} INFO - Sync 1 DAGs
[2022-11-11 02:02:36,309] {logging_mixin.py:115} INFO - [2022-11-11 02:02:36,309] {dag.py:2919} INFO - Setting next_dagrun for first_sample_dag to None, run_after=None
[2022-11-11 02:02:36,331] {processor.py:161} INFO - Processing /opt/airflow/dags/sample_dag.py took 0.126 seconds
[2022-11-11 02:03:06,490] {processor.py:153} INFO - Started process (PID=339) to work on /opt/airflow/dags/sample_dag.py
[2022-11-11 02:03:06,492] {processor.py:641} INFO - Processing file /opt/airflow/dags/sample_dag.py for tasks to queue
[2022-11-11 02:03:06,494] {logging_mixin.py:115} INFO - [2022-11-11 02:03:06,494] {dagbag.py:507} INFO - Filling up the DagBag from /opt/airflow/dags/sample_dag.py
[2022-11-11 02:03:06,514] {processor.py:651} INFO - DAG(s) dict_keys(['first_sample_dag']) retrieved from /opt/airflow/dags/sample_dag.py
[2022-11-11 02:03:06,587] {logging_mixin.py:115} INFO - [2022-11-11 02:03:06,586] {dag.py:2371} INFO - Sync 1 DAGs
[2022-11-11 02:03:06,646] {logging_mixin.py:115} INFO - [2022-11-11 02:03:06,646] {dag.py:2919} INFO - Setting next_dagrun for first_sample_dag to None, run_after=None
[2022-11-11 02:03:06,695] {processor.py:161} INFO - Processing /opt/airflow/dags/sample_dag.py took 0.228 seconds
[2022-11-11 02:03:36,886] {processor.py:153} INFO - Started process (PID=344) to work on /opt/airflow/dags/sample_dag.py
[2022-11-11 02:03:36,889] {processor.py:641} INFO - Processing file /opt/airflow/dags/sample_dag.py for tasks to queue
[2022-11-11 02:03:36,892] {logging_mixin.py:115} INFO - [2022-11-11 02:03:36,892] {dagbag.py:507} INFO - Filling up the DagBag from /opt/airflow/dags/sample_dag.py
[2022-11-11 02:03:36,911] {processor.py:651} INFO - DAG(s) dict_keys(['first_sample_dag']) retrieved from /opt/airflow/dags/sample_dag.py
[2022-11-11 02:03:36,954] {logging_mixin.py:115} INFO - [2022-11-11 02:03:36,954] {dag.py:2371} INFO - Sync 1 DAGs
[2022-11-11 02:03:36,994] {logging_mixin.py:115} INFO - [2022-11-11 02:03:36,993] {dag.py:2919} INFO - Setting next_dagrun for first_sample_dag to None, run_after=None
[2022-11-11 02:03:37,012] {processor.py:161} INFO - Processing /opt/airflow/dags/sample_dag.py took 0.138 seconds
[2022-11-11 02:04:07,169] {processor.py:153} INFO - Started process (PID=349) to work on /opt/airflow/dags/sample_dag.py
[2022-11-11 02:04:07,175] {processor.py:641} INFO - Processing file /opt/airflow/dags/sample_dag.py for tasks to queue
[2022-11-11 02:04:07,185] {logging_mixin.py:115} INFO - [2022-11-11 02:04:07,185] {dagbag.py:507} INFO - Filling up the DagBag from /opt/airflow/dags/sample_dag.py
[2022-11-11 02:04:07,272] {processor.py:651} INFO - DAG(s) dict_keys(['first_sample_dag']) retrieved from /opt/airflow/dags/sample_dag.py
[2022-11-11 02:04:07,635] {logging_mixin.py:115} INFO - [2022-11-11 02:04:07,635] {dag.py:2371} INFO - Sync 1 DAGs
[2022-11-11 02:04:07,727] {logging_mixin.py:115} INFO - [2022-11-11 02:04:07,725] {dag.py:2919} INFO - Setting next_dagrun for first_sample_dag to None, run_after=None
[2022-11-11 02:04:07,788] {processor.py:161} INFO - Processing /opt/airflow/dags/sample_dag.py took 0.642 seconds
[2022-11-11 02:04:38,242] {processor.py:153} INFO - Started process (PID=354) to work on /opt/airflow/dags/sample_dag.py
[2022-11-11 02:04:38,262] {processor.py:641} INFO - Processing file /opt/airflow/dags/sample_dag.py for tasks to queue
[2022-11-11 02:04:38,266] {logging_mixin.py:115} INFO - [2022-11-11 02:04:38,266] {dagbag.py:507} INFO - Filling up the DagBag from /opt/airflow/dags/sample_dag.py
[2022-11-11 02:04:38,507] {processor.py:651} INFO - DAG(s) dict_keys(['first_sample_dag']) retrieved from /opt/airflow/dags/sample_dag.py
[2022-11-11 02:04:38,756] {logging_mixin.py:115} INFO - [2022-11-11 02:04:38,756] {dag.py:2371} INFO - Sync 1 DAGs
[2022-11-11 02:04:38,818] {logging_mixin.py:115} INFO - [2022-11-11 02:04:38,818] {dag.py:2919} INFO - Setting next_dagrun for first_sample_dag to None, run_after=None
[2022-11-11 02:04:38,837] {processor.py:161} INFO - Processing /opt/airflow/dags/sample_dag.py took 0.663 seconds
[2022-11-11 02:05:09,007] {processor.py:153} INFO - Started process (PID=359) to work on /opt/airflow/dags/sample_dag.py
[2022-11-11 02:05:09,011] {processor.py:641} INFO - Processing file /opt/airflow/dags/sample_dag.py for tasks to queue
[2022-11-11 02:05:09,015] {logging_mixin.py:115} INFO - [2022-11-11 02:05:09,015] {dagbag.py:507} INFO - Filling up the DagBag from /opt/airflow/dags/sample_dag.py
[2022-11-11 02:05:09,031] {processor.py:651} INFO - DAG(s) dict_keys(['first_sample_dag']) retrieved from /opt/airflow/dags/sample_dag.py
[2022-11-11 02:05:09,087] {logging_mixin.py:115} INFO - [2022-11-11 02:05:09,087] {dag.py:2371} INFO - Sync 1 DAGs
[2022-11-11 02:05:09,132] {logging_mixin.py:115} INFO - [2022-11-11 02:05:09,132] {dag.py:2919} INFO - Setting next_dagrun for first_sample_dag to None, run_after=None
[2022-11-11 02:05:09,155] {processor.py:161} INFO - Processing /opt/airflow/dags/sample_dag.py took 0.157 seconds
[2022-11-11 02:05:39,454] {processor.py:153} INFO - Started process (PID=364) to work on /opt/airflow/dags/sample_dag.py
[2022-11-11 02:05:39,465] {processor.py:641} INFO - Processing file /opt/airflow/dags/sample_dag.py for tasks to queue
[2022-11-11 02:05:39,472] {logging_mixin.py:115} INFO - [2022-11-11 02:05:39,472] {dagbag.py:507} INFO - Filling up the DagBag from /opt/airflow/dags/sample_dag.py
[2022-11-11 02:05:39,599] {processor.py:651} INFO - DAG(s) dict_keys(['first_sample_dag']) retrieved from /opt/airflow/dags/sample_dag.py
[2022-11-11 02:05:39,878] {logging_mixin.py:115} INFO - [2022-11-11 02:05:39,878] {dag.py:2371} INFO - Sync 1 DAGs
[2022-11-11 02:05:40,402] {logging_mixin.py:115} INFO - [2022-11-11 02:05:40,402] {dag.py:2919} INFO - Setting next_dagrun for first_sample_dag to None, run_after=None
[2022-11-11 02:05:40,636] {processor.py:161} INFO - Processing /opt/airflow/dags/sample_dag.py took 1.228 seconds
[2022-11-11 02:06:11,039] {processor.py:153} INFO - Started process (PID=369) to work on /opt/airflow/dags/sample_dag.py
[2022-11-11 02:06:11,044] {processor.py:641} INFO - Processing file /opt/airflow/dags/sample_dag.py for tasks to queue
[2022-11-11 02:06:11,069] {logging_mixin.py:115} INFO - [2022-11-11 02:06:11,068] {dagbag.py:507} INFO - Filling up the DagBag from /opt/airflow/dags/sample_dag.py
[2022-11-11 02:06:11,136] {processor.py:651} INFO - DAG(s) dict_keys(['first_sample_dag']) retrieved from /opt/airflow/dags/sample_dag.py
[2022-11-11 02:06:11,469] {logging_mixin.py:115} INFO - [2022-11-11 02:06:11,469] {dag.py:2371} INFO - Sync 1 DAGs
[2022-11-11 02:06:11,754] {logging_mixin.py:115} INFO - [2022-11-11 02:06:11,754] {dag.py:2919} INFO - Setting next_dagrun for first_sample_dag to None, run_after=None
[2022-11-11 02:06:11,921] {processor.py:161} INFO - Processing /opt/airflow/dags/sample_dag.py took 0.908 seconds
[2022-11-11 02:06:42,249] {processor.py:153} INFO - Started process (PID=374) to work on /opt/airflow/dags/sample_dag.py
[2022-11-11 02:06:42,252] {processor.py:641} INFO - Processing file /opt/airflow/dags/sample_dag.py for tasks to queue
[2022-11-11 02:06:42,254] {logging_mixin.py:115} INFO - [2022-11-11 02:06:42,254] {dagbag.py:507} INFO - Filling up the DagBag from /opt/airflow/dags/sample_dag.py
[2022-11-11 02:06:42,270] {processor.py:651} INFO - DAG(s) dict_keys(['first_sample_dag']) retrieved from /opt/airflow/dags/sample_dag.py
[2022-11-11 02:06:42,317] {logging_mixin.py:115} INFO - [2022-11-11 02:06:42,317] {dag.py:2371} INFO - Sync 1 DAGs
[2022-11-11 02:06:42,350] {logging_mixin.py:115} INFO - [2022-11-11 02:06:42,350] {dag.py:2919} INFO - Setting next_dagrun for first_sample_dag to None, run_after=None
[2022-11-11 02:06:42,369] {processor.py:161} INFO - Processing /opt/airflow/dags/sample_dag.py took 0.131 seconds
[2022-11-11 02:07:12,563] {processor.py:153} INFO - Started process (PID=379) to work on /opt/airflow/dags/sample_dag.py
[2022-11-11 02:07:12,570] {processor.py:641} INFO - Processing file /opt/airflow/dags/sample_dag.py for tasks to queue
[2022-11-11 02:07:12,574] {logging_mixin.py:115} INFO - [2022-11-11 02:07:12,573] {dagbag.py:507} INFO - Filling up the DagBag from /opt/airflow/dags/sample_dag.py
[2022-11-11 02:07:12,597] {processor.py:651} INFO - DAG(s) dict_keys(['first_sample_dag']) retrieved from /opt/airflow/dags/sample_dag.py
[2022-11-11 02:07:12,659] {logging_mixin.py:115} INFO - [2022-11-11 02:07:12,658] {dag.py:2371} INFO - Sync 1 DAGs
[2022-11-11 02:07:12,702] {logging_mixin.py:115} INFO - [2022-11-11 02:07:12,702] {dag.py:2919} INFO - Setting next_dagrun for first_sample_dag to None, run_after=None
[2022-11-11 02:07:12,721] {processor.py:161} INFO - Processing /opt/airflow/dags/sample_dag.py took 0.165 seconds
[2022-11-11 02:07:42,853] {processor.py:153} INFO - Started process (PID=384) to work on /opt/airflow/dags/sample_dag.py
[2022-11-11 02:07:42,855] {processor.py:641} INFO - Processing file /opt/airflow/dags/sample_dag.py for tasks to queue
[2022-11-11 02:07:42,857] {logging_mixin.py:115} INFO - [2022-11-11 02:07:42,857] {dagbag.py:507} INFO - Filling up the DagBag from /opt/airflow/dags/sample_dag.py
[2022-11-11 02:07:42,875] {processor.py:651} INFO - DAG(s) dict_keys(['first_sample_dag']) retrieved from /opt/airflow/dags/sample_dag.py
[2022-11-11 02:07:42,936] {logging_mixin.py:115} INFO - [2022-11-11 02:07:42,936] {dag.py:2371} INFO - Sync 1 DAGs
[2022-11-11 02:07:42,971] {logging_mixin.py:115} INFO - [2022-11-11 02:07:42,971] {dag.py:2919} INFO - Setting next_dagrun for first_sample_dag to None, run_after=None
[2022-11-11 02:07:42,991] {processor.py:161} INFO - Processing /opt/airflow/dags/sample_dag.py took 0.144 seconds
[2022-11-11 02:08:13,098] {processor.py:153} INFO - Started process (PID=389) to work on /opt/airflow/dags/sample_dag.py
[2022-11-11 02:08:13,100] {processor.py:641} INFO - Processing file /opt/airflow/dags/sample_dag.py for tasks to queue
[2022-11-11 02:08:13,102] {logging_mixin.py:115} INFO - [2022-11-11 02:08:13,102] {dagbag.py:507} INFO - Filling up the DagBag from /opt/airflow/dags/sample_dag.py
[2022-11-11 02:08:13,115] {processor.py:651} INFO - DAG(s) dict_keys(['first_sample_dag']) retrieved from /opt/airflow/dags/sample_dag.py
[2022-11-11 02:08:13,155] {logging_mixin.py:115} INFO - [2022-11-11 02:08:13,155] {dag.py:2371} INFO - Sync 1 DAGs
[2022-11-11 02:08:13,190] {logging_mixin.py:115} INFO - [2022-11-11 02:08:13,189] {dag.py:2919} INFO - Setting next_dagrun for first_sample_dag to None, run_after=None
[2022-11-11 02:08:13,206] {processor.py:161} INFO - Processing /opt/airflow/dags/sample_dag.py took 0.112 seconds
[2022-11-11 02:08:43,325] {processor.py:153} INFO - Started process (PID=394) to work on /opt/airflow/dags/sample_dag.py
[2022-11-11 02:08:43,327] {processor.py:641} INFO - Processing file /opt/airflow/dags/sample_dag.py for tasks to queue
[2022-11-11 02:08:43,332] {logging_mixin.py:115} INFO - [2022-11-11 02:08:43,332] {dagbag.py:507} INFO - Filling up the DagBag from /opt/airflow/dags/sample_dag.py
[2022-11-11 02:08:43,349] {processor.py:651} INFO - DAG(s) dict_keys(['first_sample_dag']) retrieved from /opt/airflow/dags/sample_dag.py
[2022-11-11 02:08:43,386] {logging_mixin.py:115} INFO - [2022-11-11 02:08:43,386] {dag.py:2371} INFO - Sync 1 DAGs
[2022-11-11 02:08:43,418] {logging_mixin.py:115} INFO - [2022-11-11 02:08:43,418] {dag.py:2919} INFO - Setting next_dagrun for first_sample_dag to None, run_after=None
[2022-11-11 02:08:43,436] {processor.py:161} INFO - Processing /opt/airflow/dags/sample_dag.py took 0.118 seconds
[2022-11-11 02:09:13,532] {processor.py:153} INFO - Started process (PID=399) to work on /opt/airflow/dags/sample_dag.py
[2022-11-11 02:09:13,534] {processor.py:641} INFO - Processing file /opt/airflow/dags/sample_dag.py for tasks to queue
[2022-11-11 02:09:13,536] {logging_mixin.py:115} INFO - [2022-11-11 02:09:13,536] {dagbag.py:507} INFO - Filling up the DagBag from /opt/airflow/dags/sample_dag.py
[2022-11-11 02:09:13,549] {processor.py:651} INFO - DAG(s) dict_keys(['first_sample_dag']) retrieved from /opt/airflow/dags/sample_dag.py
[2022-11-11 02:09:13,587] {logging_mixin.py:115} INFO - [2022-11-11 02:09:13,587] {dag.py:2371} INFO - Sync 1 DAGs
[2022-11-11 02:09:13,617] {logging_mixin.py:115} INFO - [2022-11-11 02:09:13,617] {dag.py:2919} INFO - Setting next_dagrun for first_sample_dag to None, run_after=None
[2022-11-11 02:09:13,637] {processor.py:161} INFO - Processing /opt/airflow/dags/sample_dag.py took 0.110 seconds
[2022-11-11 02:09:43,750] {processor.py:153} INFO - Started process (PID=404) to work on /opt/airflow/dags/sample_dag.py
[2022-11-11 02:09:43,753] {processor.py:641} INFO - Processing file /opt/airflow/dags/sample_dag.py for tasks to queue
[2022-11-11 02:09:43,755] {logging_mixin.py:115} INFO - [2022-11-11 02:09:43,755] {dagbag.py:507} INFO - Filling up the DagBag from /opt/airflow/dags/sample_dag.py
[2022-11-11 02:09:43,772] {processor.py:651} INFO - DAG(s) dict_keys(['first_sample_dag']) retrieved from /opt/airflow/dags/sample_dag.py
[2022-11-11 02:09:43,812] {logging_mixin.py:115} INFO - [2022-11-11 02:09:43,812] {dag.py:2371} INFO - Sync 1 DAGs
[2022-11-11 02:09:43,848] {logging_mixin.py:115} INFO - [2022-11-11 02:09:43,848] {dag.py:2919} INFO - Setting next_dagrun for first_sample_dag to None, run_after=None
[2022-11-11 02:09:43,867] {processor.py:161} INFO - Processing /opt/airflow/dags/sample_dag.py took 0.124 seconds
[2022-11-11 02:10:13,990] {processor.py:153} INFO - Started process (PID=409) to work on /opt/airflow/dags/sample_dag.py
[2022-11-11 02:10:13,991] {processor.py:641} INFO - Processing file /opt/airflow/dags/sample_dag.py for tasks to queue
[2022-11-11 02:10:13,993] {logging_mixin.py:115} INFO - [2022-11-11 02:10:13,993] {dagbag.py:507} INFO - Filling up the DagBag from /opt/airflow/dags/sample_dag.py
[2022-11-11 02:10:14,009] {processor.py:651} INFO - DAG(s) dict_keys(['first_sample_dag']) retrieved from /opt/airflow/dags/sample_dag.py
[2022-11-11 02:10:14,073] {logging_mixin.py:115} INFO - [2022-11-11 02:10:14,072] {dag.py:2371} INFO - Sync 1 DAGs
[2022-11-11 02:10:14,109] {logging_mixin.py:115} INFO - [2022-11-11 02:10:14,109] {dag.py:2919} INFO - Setting next_dagrun for first_sample_dag to None, run_after=None
[2022-11-11 02:10:14,129] {processor.py:161} INFO - Processing /opt/airflow/dags/sample_dag.py took 0.148 seconds
[2022-11-11 02:10:44,242] {processor.py:153} INFO - Started process (PID=414) to work on /opt/airflow/dags/sample_dag.py
[2022-11-11 02:10:44,245] {processor.py:641} INFO - Processing file /opt/airflow/dags/sample_dag.py for tasks to queue
[2022-11-11 02:10:44,248] {logging_mixin.py:115} INFO - [2022-11-11 02:10:44,248] {dagbag.py:507} INFO - Filling up the DagBag from /opt/airflow/dags/sample_dag.py
[2022-11-11 02:10:44,274] {processor.py:651} INFO - DAG(s) dict_keys(['first_sample_dag']) retrieved from /opt/airflow/dags/sample_dag.py
[2022-11-11 02:10:44,333] {logging_mixin.py:115} INFO - [2022-11-11 02:10:44,333] {dag.py:2371} INFO - Sync 1 DAGs
[2022-11-11 02:10:44,375] {logging_mixin.py:115} INFO - [2022-11-11 02:10:44,375] {dag.py:2919} INFO - Setting next_dagrun for first_sample_dag to None, run_after=None
[2022-11-11 02:10:44,397] {processor.py:161} INFO - Processing /opt/airflow/dags/sample_dag.py took 0.163 seconds
[2022-11-11 02:11:14,484] {processor.py:153} INFO - Started process (PID=419) to work on /opt/airflow/dags/sample_dag.py
[2022-11-11 02:11:14,486] {processor.py:641} INFO - Processing file /opt/airflow/dags/sample_dag.py for tasks to queue
[2022-11-11 02:11:14,487] {logging_mixin.py:115} INFO - [2022-11-11 02:11:14,487] {dagbag.py:507} INFO - Filling up the DagBag from /opt/airflow/dags/sample_dag.py
[2022-11-11 02:11:14,500] {processor.py:651} INFO - DAG(s) dict_keys(['first_sample_dag']) retrieved from /opt/airflow/dags/sample_dag.py
[2022-11-11 02:11:14,536] {logging_mixin.py:115} INFO - [2022-11-11 02:11:14,536] {dag.py:2371} INFO - Sync 1 DAGs
[2022-11-11 02:11:14,570] {logging_mixin.py:115} INFO - [2022-11-11 02:11:14,570] {dag.py:2919} INFO - Setting next_dagrun for first_sample_dag to None, run_after=None
[2022-11-11 02:11:14,587] {processor.py:161} INFO - Processing /opt/airflow/dags/sample_dag.py took 0.108 seconds
[2022-11-11 02:11:44,730] {processor.py:153} INFO - Started process (PID=424) to work on /opt/airflow/dags/sample_dag.py
[2022-11-11 02:11:44,750] {processor.py:641} INFO - Processing file /opt/airflow/dags/sample_dag.py for tasks to queue
[2022-11-11 02:11:44,758] {logging_mixin.py:115} INFO - [2022-11-11 02:11:44,758] {dagbag.py:507} INFO - Filling up the DagBag from /opt/airflow/dags/sample_dag.py
[2022-11-11 02:11:44,814] {processor.py:651} INFO - DAG(s) dict_keys(['first_sample_dag']) retrieved from /opt/airflow/dags/sample_dag.py
[2022-11-11 02:11:44,976] {logging_mixin.py:115} INFO - [2022-11-11 02:11:44,976] {dag.py:2371} INFO - Sync 1 DAGs
[2022-11-11 02:11:45,055] {logging_mixin.py:115} INFO - [2022-11-11 02:11:45,055] {dag.py:2919} INFO - Setting next_dagrun for first_sample_dag to None, run_after=None
[2022-11-11 02:11:45,097] {processor.py:161} INFO - Processing /opt/airflow/dags/sample_dag.py took 0.373 seconds
[2022-11-11 02:12:15,234] {processor.py:153} INFO - Started process (PID=429) to work on /opt/airflow/dags/sample_dag.py
[2022-11-11 02:12:15,237] {processor.py:641} INFO - Processing file /opt/airflow/dags/sample_dag.py for tasks to queue
[2022-11-11 02:12:15,239] {logging_mixin.py:115} INFO - [2022-11-11 02:12:15,239] {dagbag.py:507} INFO - Filling up the DagBag from /opt/airflow/dags/sample_dag.py
[2022-11-11 02:12:15,259] {processor.py:651} INFO - DAG(s) dict_keys(['first_sample_dag']) retrieved from /opt/airflow/dags/sample_dag.py
[2022-11-11 02:12:15,304] {logging_mixin.py:115} INFO - [2022-11-11 02:12:15,303] {dag.py:2371} INFO - Sync 1 DAGs
[2022-11-11 02:12:15,338] {logging_mixin.py:115} INFO - [2022-11-11 02:12:15,338] {dag.py:2919} INFO - Setting next_dagrun for first_sample_dag to None, run_after=None
[2022-11-11 02:12:15,356] {processor.py:161} INFO - Processing /opt/airflow/dags/sample_dag.py took 0.130 seconds
[2022-11-11 02:12:45,494] {processor.py:153} INFO - Started process (PID=434) to work on /opt/airflow/dags/sample_dag.py
[2022-11-11 02:12:45,499] {processor.py:641} INFO - Processing file /opt/airflow/dags/sample_dag.py for tasks to queue
[2022-11-11 02:12:45,504] {logging_mixin.py:115} INFO - [2022-11-11 02:12:45,503] {dagbag.py:507} INFO - Filling up the DagBag from /opt/airflow/dags/sample_dag.py
[2022-11-11 02:12:45,553] {processor.py:651} INFO - DAG(s) dict_keys(['first_sample_dag']) retrieved from /opt/airflow/dags/sample_dag.py
[2022-11-11 02:12:45,650] {logging_mixin.py:115} INFO - [2022-11-11 02:12:45,650] {dag.py:2371} INFO - Sync 1 DAGs
[2022-11-11 02:12:45,723] {logging_mixin.py:115} INFO - [2022-11-11 02:12:45,722] {dag.py:2919} INFO - Setting next_dagrun for first_sample_dag to None, run_after=None
[2022-11-11 02:12:45,770] {processor.py:161} INFO - Processing /opt/airflow/dags/sample_dag.py took 0.282 seconds
[2022-11-11 02:13:15,962] {processor.py:153} INFO - Started process (PID=439) to work on /opt/airflow/dags/sample_dag.py
[2022-11-11 02:13:15,965] {processor.py:641} INFO - Processing file /opt/airflow/dags/sample_dag.py for tasks to queue
[2022-11-11 02:13:15,969] {logging_mixin.py:115} INFO - [2022-11-11 02:13:15,969] {dagbag.py:507} INFO - Filling up the DagBag from /opt/airflow/dags/sample_dag.py
[2022-11-11 02:13:16,037] {processor.py:651} INFO - DAG(s) dict_keys(['first_sample_dag']) retrieved from /opt/airflow/dags/sample_dag.py
[2022-11-11 02:13:16,103] {logging_mixin.py:115} INFO - [2022-11-11 02:13:16,102] {dag.py:2371} INFO - Sync 1 DAGs
[2022-11-11 02:13:16,162] {logging_mixin.py:115} INFO - [2022-11-11 02:13:16,162] {dag.py:2919} INFO - Setting next_dagrun for first_sample_dag to None, run_after=None
[2022-11-11 02:13:16,201] {processor.py:161} INFO - Processing /opt/airflow/dags/sample_dag.py took 0.255 seconds
[2022-11-11 02:13:46,371] {processor.py:153} INFO - Started process (PID=444) to work on /opt/airflow/dags/sample_dag.py
[2022-11-11 02:13:46,376] {processor.py:641} INFO - Processing file /opt/airflow/dags/sample_dag.py for tasks to queue
[2022-11-11 02:13:46,380] {logging_mixin.py:115} INFO - [2022-11-11 02:13:46,380] {dagbag.py:507} INFO - Filling up the DagBag from /opt/airflow/dags/sample_dag.py
[2022-11-11 02:13:46,411] {processor.py:651} INFO - DAG(s) dict_keys(['first_sample_dag']) retrieved from /opt/airflow/dags/sample_dag.py
[2022-11-11 02:13:46,499] {logging_mixin.py:115} INFO - [2022-11-11 02:13:46,499] {dag.py:2371} INFO - Sync 1 DAGs
[2022-11-11 02:13:46,652] {logging_mixin.py:115} INFO - [2022-11-11 02:13:46,652] {dag.py:2919} INFO - Setting next_dagrun for first_sample_dag to None, run_after=None
[2022-11-11 02:13:46,673] {processor.py:161} INFO - Processing /opt/airflow/dags/sample_dag.py took 0.309 seconds
[2022-11-11 02:14:16,865] {processor.py:153} INFO - Started process (PID=449) to work on /opt/airflow/dags/sample_dag.py
[2022-11-11 02:14:16,867] {processor.py:641} INFO - Processing file /opt/airflow/dags/sample_dag.py for tasks to queue
[2022-11-11 02:14:16,869] {logging_mixin.py:115} INFO - [2022-11-11 02:14:16,868] {dagbag.py:507} INFO - Filling up the DagBag from /opt/airflow/dags/sample_dag.py
[2022-11-11 02:14:16,894] {processor.py:651} INFO - DAG(s) dict_keys(['first_sample_dag']) retrieved from /opt/airflow/dags/sample_dag.py
[2022-11-11 02:14:16,950] {logging_mixin.py:115} INFO - [2022-11-11 02:14:16,950] {dag.py:2371} INFO - Sync 1 DAGs
[2022-11-11 02:14:16,994] {logging_mixin.py:115} INFO - [2022-11-11 02:14:16,993] {dag.py:2919} INFO - Setting next_dagrun for first_sample_dag to None, run_after=None
[2022-11-11 02:14:17,021] {processor.py:161} INFO - Processing /opt/airflow/dags/sample_dag.py took 0.165 seconds
[2022-11-11 02:14:47,152] {processor.py:153} INFO - Started process (PID=454) to work on /opt/airflow/dags/sample_dag.py
[2022-11-11 02:14:47,154] {processor.py:641} INFO - Processing file /opt/airflow/dags/sample_dag.py for tasks to queue
[2022-11-11 02:14:47,155] {logging_mixin.py:115} INFO - [2022-11-11 02:14:47,155] {dagbag.py:507} INFO - Filling up the DagBag from /opt/airflow/dags/sample_dag.py
[2022-11-11 02:14:47,169] {processor.py:651} INFO - DAG(s) dict_keys(['first_sample_dag']) retrieved from /opt/airflow/dags/sample_dag.py
[2022-11-11 02:14:47,211] {logging_mixin.py:115} INFO - [2022-11-11 02:14:47,210] {dag.py:2371} INFO - Sync 1 DAGs
[2022-11-11 02:14:47,244] {logging_mixin.py:115} INFO - [2022-11-11 02:14:47,244] {dag.py:2919} INFO - Setting next_dagrun for first_sample_dag to None, run_after=None
[2022-11-11 02:14:47,265] {processor.py:161} INFO - Processing /opt/airflow/dags/sample_dag.py took 0.119 seconds
[2022-11-11 02:15:17,361] {processor.py:153} INFO - Started process (PID=459) to work on /opt/airflow/dags/sample_dag.py
[2022-11-11 02:15:17,365] {processor.py:641} INFO - Processing file /opt/airflow/dags/sample_dag.py for tasks to queue
[2022-11-11 02:15:17,367] {logging_mixin.py:115} INFO - [2022-11-11 02:15:17,367] {dagbag.py:507} INFO - Filling up the DagBag from /opt/airflow/dags/sample_dag.py
[2022-11-11 02:15:17,384] {processor.py:651} INFO - DAG(s) dict_keys(['first_sample_dag']) retrieved from /opt/airflow/dags/sample_dag.py
[2022-11-11 02:15:17,423] {logging_mixin.py:115} INFO - [2022-11-11 02:15:17,423] {dag.py:2371} INFO - Sync 1 DAGs
[2022-11-11 02:15:17,456] {logging_mixin.py:115} INFO - [2022-11-11 02:15:17,456] {dag.py:2919} INFO - Setting next_dagrun for first_sample_dag to None, run_after=None
[2022-11-11 02:15:17,473] {processor.py:161} INFO - Processing /opt/airflow/dags/sample_dag.py took 0.116 seconds
[2022-11-11 02:15:47,570] {processor.py:153} INFO - Started process (PID=464) to work on /opt/airflow/dags/sample_dag.py
[2022-11-11 02:15:47,573] {processor.py:641} INFO - Processing file /opt/airflow/dags/sample_dag.py for tasks to queue
[2022-11-11 02:15:47,575] {logging_mixin.py:115} INFO - [2022-11-11 02:15:47,574] {dagbag.py:507} INFO - Filling up the DagBag from /opt/airflow/dags/sample_dag.py
[2022-11-11 02:15:47,589] {processor.py:651} INFO - DAG(s) dict_keys(['first_sample_dag']) retrieved from /opt/airflow/dags/sample_dag.py
[2022-11-11 02:15:47,631] {logging_mixin.py:115} INFO - [2022-11-11 02:15:47,631] {dag.py:2371} INFO - Sync 1 DAGs
[2022-11-11 02:15:47,666] {logging_mixin.py:115} INFO - [2022-11-11 02:15:47,666] {dag.py:2919} INFO - Setting next_dagrun for first_sample_dag to None, run_after=None
[2022-11-11 02:15:47,687] {processor.py:161} INFO - Processing /opt/airflow/dags/sample_dag.py took 0.121 seconds
[2022-11-11 02:16:17,784] {processor.py:153} INFO - Started process (PID=469) to work on /opt/airflow/dags/sample_dag.py
[2022-11-11 02:16:17,786] {processor.py:641} INFO - Processing file /opt/airflow/dags/sample_dag.py for tasks to queue
[2022-11-11 02:16:17,787] {logging_mixin.py:115} INFO - [2022-11-11 02:16:17,787] {dagbag.py:507} INFO - Filling up the DagBag from /opt/airflow/dags/sample_dag.py
[2022-11-11 02:16:17,799] {processor.py:651} INFO - DAG(s) dict_keys(['first_sample_dag']) retrieved from /opt/airflow/dags/sample_dag.py
[2022-11-11 02:16:17,836] {logging_mixin.py:115} INFO - [2022-11-11 02:16:17,835] {dag.py:2371} INFO - Sync 1 DAGs
[2022-11-11 02:16:17,865] {logging_mixin.py:115} INFO - [2022-11-11 02:16:17,865] {dag.py:2919} INFO - Setting next_dagrun for first_sample_dag to None, run_after=None
[2022-11-11 02:16:17,881] {processor.py:161} INFO - Processing /opt/airflow/dags/sample_dag.py took 0.102 seconds
[2022-11-11 02:16:47,978] {processor.py:153} INFO - Started process (PID=474) to work on /opt/airflow/dags/sample_dag.py
[2022-11-11 02:16:47,981] {processor.py:641} INFO - Processing file /opt/airflow/dags/sample_dag.py for tasks to queue
[2022-11-11 02:16:47,983] {logging_mixin.py:115} INFO - [2022-11-11 02:16:47,983] {dagbag.py:507} INFO - Filling up the DagBag from /opt/airflow/dags/sample_dag.py
[2022-11-11 02:16:48,004] {processor.py:651} INFO - DAG(s) dict_keys(['first_sample_dag']) retrieved from /opt/airflow/dags/sample_dag.py
[2022-11-11 02:16:48,048] {logging_mixin.py:115} INFO - [2022-11-11 02:16:48,046] {dag.py:2371} INFO - Sync 1 DAGs
[2022-11-11 02:16:48,080] {logging_mixin.py:115} INFO - [2022-11-11 02:16:48,080] {dag.py:2919} INFO - Setting next_dagrun for first_sample_dag to None, run_after=None
[2022-11-11 02:16:48,097] {processor.py:161} INFO - Processing /opt/airflow/dags/sample_dag.py took 0.124 seconds
[2022-11-11 02:17:18,222] {processor.py:153} INFO - Started process (PID=479) to work on /opt/airflow/dags/sample_dag.py
[2022-11-11 02:17:18,223] {processor.py:641} INFO - Processing file /opt/airflow/dags/sample_dag.py for tasks to queue
[2022-11-11 02:17:18,225] {logging_mixin.py:115} INFO - [2022-11-11 02:17:18,225] {dagbag.py:507} INFO - Filling up the DagBag from /opt/airflow/dags/sample_dag.py
[2022-11-11 02:17:18,242] {processor.py:651} INFO - DAG(s) dict_keys(['first_sample_dag']) retrieved from /opt/airflow/dags/sample_dag.py
[2022-11-11 02:17:18,281] {logging_mixin.py:115} INFO - [2022-11-11 02:17:18,281] {dag.py:2371} INFO - Sync 1 DAGs
[2022-11-11 02:17:18,313] {logging_mixin.py:115} INFO - [2022-11-11 02:17:18,313] {dag.py:2919} INFO - Setting next_dagrun for first_sample_dag to None, run_after=None
[2022-11-11 02:17:18,330] {processor.py:161} INFO - Processing /opt/airflow/dags/sample_dag.py took 0.115 seconds
[2022-11-11 02:17:48,438] {processor.py:153} INFO - Started process (PID=484) to work on /opt/airflow/dags/sample_dag.py
[2022-11-11 02:17:48,440] {processor.py:641} INFO - Processing file /opt/airflow/dags/sample_dag.py for tasks to queue
[2022-11-11 02:17:48,443] {logging_mixin.py:115} INFO - [2022-11-11 02:17:48,443] {dagbag.py:507} INFO - Filling up the DagBag from /opt/airflow/dags/sample_dag.py
[2022-11-11 02:17:48,462] {processor.py:651} INFO - DAG(s) dict_keys(['first_sample_dag']) retrieved from /opt/airflow/dags/sample_dag.py
[2022-11-11 02:17:48,504] {logging_mixin.py:115} INFO - [2022-11-11 02:17:48,504] {dag.py:2371} INFO - Sync 1 DAGs
[2022-11-11 02:17:48,540] {logging_mixin.py:115} INFO - [2022-11-11 02:17:48,540] {dag.py:2919} INFO - Setting next_dagrun for first_sample_dag to None, run_after=None
[2022-11-11 02:17:48,565] {processor.py:161} INFO - Processing /opt/airflow/dags/sample_dag.py took 0.131 seconds
[2022-11-11 02:18:18,690] {processor.py:153} INFO - Started process (PID=489) to work on /opt/airflow/dags/sample_dag.py
[2022-11-11 02:18:18,693] {processor.py:641} INFO - Processing file /opt/airflow/dags/sample_dag.py for tasks to queue
[2022-11-11 02:18:18,694] {logging_mixin.py:115} INFO - [2022-11-11 02:18:18,694] {dagbag.py:507} INFO - Filling up the DagBag from /opt/airflow/dags/sample_dag.py
[2022-11-11 02:18:18,727] {processor.py:651} INFO - DAG(s) dict_keys(['first_sample_dag']) retrieved from /opt/airflow/dags/sample_dag.py
[2022-11-11 02:18:18,781] {logging_mixin.py:115} INFO - [2022-11-11 02:18:18,780] {dag.py:2371} INFO - Sync 1 DAGs
[2022-11-11 02:18:18,812] {logging_mixin.py:115} INFO - [2022-11-11 02:18:18,811] {dag.py:2919} INFO - Setting next_dagrun for first_sample_dag to None, run_after=None
[2022-11-11 02:18:18,826] {processor.py:161} INFO - Processing /opt/airflow/dags/sample_dag.py took 0.142 seconds
[2022-11-11 02:59:40,803] {processor.py:153} INFO - Started process (PID=176) to work on /opt/airflow/dags/sample_dag.py
[2022-11-11 02:59:40,806] {processor.py:641} INFO - Processing file /opt/airflow/dags/sample_dag.py for tasks to queue
[2022-11-11 02:59:40,810] {logging_mixin.py:115} INFO - [2022-11-11 02:59:40,810] {dagbag.py:507} INFO - Filling up the DagBag from /opt/airflow/dags/sample_dag.py
[2022-11-11 02:59:40,827] {logging_mixin.py:115} INFO - [2022-11-11 02:59:40,824] {dagbag.py:320} ERROR - Failed to import: /opt/airflow/dags/sample_dag.py
Traceback (most recent call last):
  File "/home/airflow/.local/lib/python3.7/site-packages/airflow/models/dagbag.py", line 317, in parse
    loader.exec_module(new_module)
  File "<frozen importlib._bootstrap_external>", line 724, in exec_module
  File "<frozen importlib._bootstrap_external>", line 860, in get_code
  File "<frozen importlib._bootstrap_external>", line 791, in source_to_code
  File "<frozen importlib._bootstrap>", line 219, in _call_with_frames_removed
  File "/opt/airflow/dags/sample_dag.py", line 50
    dag=dag
      ^
SyntaxError: invalid syntax
[2022-11-11 02:59:40,830] {processor.py:653} WARNING - No viable dags retrieved from /opt/airflow/dags/sample_dag.py
[2022-11-11 02:59:40,881] {processor.py:161} INFO - Processing /opt/airflow/dags/sample_dag.py took 0.092 seconds
[2022-11-11 03:00:11,002] {processor.py:153} INFO - Started process (PID=182) to work on /opt/airflow/dags/sample_dag.py
[2022-11-11 03:00:11,006] {processor.py:641} INFO - Processing file /opt/airflow/dags/sample_dag.py for tasks to queue
[2022-11-11 03:00:11,012] {logging_mixin.py:115} INFO - [2022-11-11 03:00:11,012] {dagbag.py:507} INFO - Filling up the DagBag from /opt/airflow/dags/sample_dag.py
[2022-11-11 03:00:11,037] {logging_mixin.py:115} INFO - [2022-11-11 03:00:11,035] {dagbag.py:320} ERROR - Failed to import: /opt/airflow/dags/sample_dag.py
Traceback (most recent call last):
  File "/home/airflow/.local/lib/python3.7/site-packages/airflow/models/dagbag.py", line 317, in parse
    loader.exec_module(new_module)
  File "<frozen importlib._bootstrap_external>", line 724, in exec_module
  File "<frozen importlib._bootstrap_external>", line 860, in get_code
  File "<frozen importlib._bootstrap_external>", line 791, in source_to_code
  File "<frozen importlib._bootstrap>", line 219, in _call_with_frames_removed
  File "/opt/airflow/dags/sample_dag.py", line 50
    dag=dag
      ^
SyntaxError: invalid syntax
[2022-11-11 03:00:11,039] {processor.py:653} WARNING - No viable dags retrieved from /opt/airflow/dags/sample_dag.py
[2022-11-11 03:00:11,244] {processor.py:161} INFO - Processing /opt/airflow/dags/sample_dag.py took 0.251 seconds
[2022-11-11 03:00:42,001] {processor.py:153} INFO - Started process (PID=187) to work on /opt/airflow/dags/sample_dag.py
[2022-11-11 03:00:42,003] {processor.py:641} INFO - Processing file /opt/airflow/dags/sample_dag.py for tasks to queue
[2022-11-11 03:00:42,004] {logging_mixin.py:115} INFO - [2022-11-11 03:00:42,004] {dagbag.py:507} INFO - Filling up the DagBag from /opt/airflow/dags/sample_dag.py
[2022-11-11 03:00:42,012] {logging_mixin.py:115} INFO - [2022-11-11 03:00:42,011] {dagbag.py:320} ERROR - Failed to import: /opt/airflow/dags/sample_dag.py
Traceback (most recent call last):
  File "/home/airflow/.local/lib/python3.7/site-packages/airflow/models/dagbag.py", line 317, in parse
    loader.exec_module(new_module)
  File "<frozen importlib._bootstrap_external>", line 724, in exec_module
  File "<frozen importlib._bootstrap_external>", line 860, in get_code
  File "<frozen importlib._bootstrap_external>", line 791, in source_to_code
  File "<frozen importlib._bootstrap>", line 219, in _call_with_frames_removed
  File "/opt/airflow/dags/sample_dag.py", line 50
    dag=dag
      ^
SyntaxError: invalid syntax
[2022-11-11 03:00:42,014] {processor.py:653} WARNING - No viable dags retrieved from /opt/airflow/dags/sample_dag.py
[2022-11-11 03:00:42,049] {processor.py:161} INFO - Processing /opt/airflow/dags/sample_dag.py took 0.055 seconds
[2022-11-11 03:01:12,100] {processor.py:153} INFO - Started process (PID=192) to work on /opt/airflow/dags/sample_dag.py
[2022-11-11 03:01:12,102] {processor.py:641} INFO - Processing file /opt/airflow/dags/sample_dag.py for tasks to queue
[2022-11-11 03:01:12,104] {logging_mixin.py:115} INFO - [2022-11-11 03:01:12,104] {dagbag.py:507} INFO - Filling up the DagBag from /opt/airflow/dags/sample_dag.py
[2022-11-11 03:01:12,114] {logging_mixin.py:115} INFO - [2022-11-11 03:01:12,113] {dagbag.py:320} ERROR - Failed to import: /opt/airflow/dags/sample_dag.py
Traceback (most recent call last):
  File "/home/airflow/.local/lib/python3.7/site-packages/airflow/models/dagbag.py", line 317, in parse
    loader.exec_module(new_module)
  File "<frozen importlib._bootstrap_external>", line 724, in exec_module
  File "<frozen importlib._bootstrap_external>", line 860, in get_code
  File "<frozen importlib._bootstrap_external>", line 791, in source_to_code
  File "<frozen importlib._bootstrap>", line 219, in _call_with_frames_removed
  File "/opt/airflow/dags/sample_dag.py", line 50
    dag=dag
      ^
SyntaxError: invalid syntax
[2022-11-11 03:01:12,115] {processor.py:653} WARNING - No viable dags retrieved from /opt/airflow/dags/sample_dag.py
[2022-11-11 03:01:12,161] {processor.py:161} INFO - Processing /opt/airflow/dags/sample_dag.py took 0.068 seconds
[2022-11-11 03:01:42,257] {processor.py:153} INFO - Started process (PID=197) to work on /opt/airflow/dags/sample_dag.py
[2022-11-11 03:01:42,259] {processor.py:641} INFO - Processing file /opt/airflow/dags/sample_dag.py for tasks to queue
[2022-11-11 03:01:42,261] {logging_mixin.py:115} INFO - [2022-11-11 03:01:42,261] {dagbag.py:507} INFO - Filling up the DagBag from /opt/airflow/dags/sample_dag.py
[2022-11-11 03:01:42,270] {logging_mixin.py:115} INFO - [2022-11-11 03:01:42,269] {dagbag.py:320} ERROR - Failed to import: /opt/airflow/dags/sample_dag.py
Traceback (most recent call last):
  File "/home/airflow/.local/lib/python3.7/site-packages/airflow/models/dagbag.py", line 317, in parse
    loader.exec_module(new_module)
  File "<frozen importlib._bootstrap_external>", line 724, in exec_module
  File "<frozen importlib._bootstrap_external>", line 860, in get_code
  File "<frozen importlib._bootstrap_external>", line 791, in source_to_code
  File "<frozen importlib._bootstrap>", line 219, in _call_with_frames_removed
  File "/opt/airflow/dags/sample_dag.py", line 50
    dag=dag
      ^
SyntaxError: invalid syntax
[2022-11-11 03:01:42,271] {processor.py:653} WARNING - No viable dags retrieved from /opt/airflow/dags/sample_dag.py
[2022-11-11 03:01:42,309] {processor.py:161} INFO - Processing /opt/airflow/dags/sample_dag.py took 0.060 seconds
[2022-11-11 03:02:00,354] {processor.py:153} INFO - Started process (PID=202) to work on /opt/airflow/dags/sample_dag.py
[2022-11-11 03:02:00,363] {processor.py:641} INFO - Processing file /opt/airflow/dags/sample_dag.py for tasks to queue
[2022-11-11 03:02:00,366] {logging_mixin.py:115} INFO - [2022-11-11 03:02:00,365] {dagbag.py:507} INFO - Filling up the DagBag from /opt/airflow/dags/sample_dag.py
[2022-11-11 03:02:00,579] {logging_mixin.py:115} INFO - [2022-11-11 03:02:00,557] {dagbag.py:320} ERROR - Failed to import: /opt/airflow/dags/sample_dag.py
Traceback (most recent call last):
  File "/home/airflow/.local/lib/python3.7/site-packages/airflow/models/dagbag.py", line 317, in parse
    loader.exec_module(new_module)
  File "<frozen importlib._bootstrap_external>", line 728, in exec_module
  File "<frozen importlib._bootstrap>", line 219, in _call_with_frames_removed
  File "/opt/airflow/dags/sample_dag.py", line 50, in <module>
    t1 >> t2 >> t3
  File "/home/airflow/.local/lib/python3.7/site-packages/airflow/models/taskmixin.py", line 80, in __rshift__
    self.set_downstream(other)
  File "/home/airflow/.local/lib/python3.7/site-packages/airflow/models/taskmixin.py", line 233, in set_downstream
    self._set_relatives(task_or_task_list, upstream=False, edge_modifier=edge_modifier)
  File "/home/airflow/.local/lib/python3.7/site-packages/airflow/models/taskmixin.py", line 193, in _set_relatives
    f"Tried to create relationships between tasks that don't have DAGs yet. "
airflow.exceptions.AirflowException: Tried to create relationships between tasks that don't have DAGs yet. Set the DAG for at least one task and try again: [<Task(PythonOperator): Extract>, <Task(PythonOperator): Transform>]
[2022-11-11 03:02:00,587] {processor.py:653} WARNING - No viable dags retrieved from /opt/airflow/dags/sample_dag.py
[2022-11-11 03:02:01,434] {processor.py:161} INFO - Processing /opt/airflow/dags/sample_dag.py took 1.102 seconds
[2022-11-11 03:03:02,232] {processor.py:153} INFO - Started process (PID=178) to work on /opt/airflow/dags/sample_dag.py
[2022-11-11 03:03:02,233] {processor.py:641} INFO - Processing file /opt/airflow/dags/sample_dag.py for tasks to queue
[2022-11-11 03:03:02,236] {logging_mixin.py:115} INFO - [2022-11-11 03:03:02,235] {dagbag.py:507} INFO - Filling up the DagBag from /opt/airflow/dags/sample_dag.py
[2022-11-11 03:03:02,266] {logging_mixin.py:115} INFO - [2022-11-11 03:03:02,263] {dagbag.py:320} ERROR - Failed to import: /opt/airflow/dags/sample_dag.py
Traceback (most recent call last):
  File "/home/airflow/.local/lib/python3.7/site-packages/airflow/models/dagbag.py", line 317, in parse
    loader.exec_module(new_module)
  File "<frozen importlib._bootstrap_external>", line 728, in exec_module
  File "<frozen importlib._bootstrap>", line 219, in _call_with_frames_removed
  File "/opt/airflow/dags/sample_dag.py", line 50, in <module>
    t1 >> t2 >> t3
  File "/home/airflow/.local/lib/python3.7/site-packages/airflow/models/taskmixin.py", line 80, in __rshift__
    self.set_downstream(other)
  File "/home/airflow/.local/lib/python3.7/site-packages/airflow/models/taskmixin.py", line 233, in set_downstream
    self._set_relatives(task_or_task_list, upstream=False, edge_modifier=edge_modifier)
  File "/home/airflow/.local/lib/python3.7/site-packages/airflow/models/taskmixin.py", line 193, in _set_relatives
    f"Tried to create relationships between tasks that don't have DAGs yet. "
airflow.exceptions.AirflowException: Tried to create relationships between tasks that don't have DAGs yet. Set the DAG for at least one task and try again: [<Task(PythonOperator): Extract>, <Task(PythonOperator): Transform>]
[2022-11-11 03:03:02,268] {processor.py:653} WARNING - No viable dags retrieved from /opt/airflow/dags/sample_dag.py
[2022-11-11 03:03:02,312] {processor.py:161} INFO - Processing /opt/airflow/dags/sample_dag.py took 0.090 seconds
[2022-11-11 03:03:32,402] {processor.py:153} INFO - Started process (PID=183) to work on /opt/airflow/dags/sample_dag.py
[2022-11-11 03:03:32,404] {processor.py:641} INFO - Processing file /opt/airflow/dags/sample_dag.py for tasks to queue
[2022-11-11 03:03:32,406] {logging_mixin.py:115} INFO - [2022-11-11 03:03:32,405] {dagbag.py:507} INFO - Filling up the DagBag from /opt/airflow/dags/sample_dag.py
[2022-11-11 03:03:32,464] {logging_mixin.py:115} INFO - [2022-11-11 03:03:32,458] {dagbag.py:320} ERROR - Failed to import: /opt/airflow/dags/sample_dag.py
Traceback (most recent call last):
  File "/home/airflow/.local/lib/python3.7/site-packages/airflow/models/dagbag.py", line 317, in parse
    loader.exec_module(new_module)
  File "<frozen importlib._bootstrap_external>", line 728, in exec_module
  File "<frozen importlib._bootstrap>", line 219, in _call_with_frames_removed
  File "/opt/airflow/dags/sample_dag.py", line 50, in <module>
    t1 >> t2 >> t3
  File "/home/airflow/.local/lib/python3.7/site-packages/airflow/models/taskmixin.py", line 80, in __rshift__
    self.set_downstream(other)
  File "/home/airflow/.local/lib/python3.7/site-packages/airflow/models/taskmixin.py", line 233, in set_downstream
    self._set_relatives(task_or_task_list, upstream=False, edge_modifier=edge_modifier)
  File "/home/airflow/.local/lib/python3.7/site-packages/airflow/models/taskmixin.py", line 193, in _set_relatives
    f"Tried to create relationships between tasks that don't have DAGs yet. "
airflow.exceptions.AirflowException: Tried to create relationships between tasks that don't have DAGs yet. Set the DAG for at least one task and try again: [<Task(PythonOperator): Extract>, <Task(PythonOperator): Transform>]
[2022-11-11 03:03:32,468] {processor.py:653} WARNING - No viable dags retrieved from /opt/airflow/dags/sample_dag.py
[2022-11-11 03:03:32,533] {processor.py:161} INFO - Processing /opt/airflow/dags/sample_dag.py took 0.136 seconds
[2022-11-11 03:04:02,630] {processor.py:153} INFO - Started process (PID=188) to work on /opt/airflow/dags/sample_dag.py
[2022-11-11 03:04:02,633] {processor.py:641} INFO - Processing file /opt/airflow/dags/sample_dag.py for tasks to queue
[2022-11-11 03:04:02,635] {logging_mixin.py:115} INFO - [2022-11-11 03:04:02,635] {dagbag.py:507} INFO - Filling up the DagBag from /opt/airflow/dags/sample_dag.py
[2022-11-11 03:04:02,659] {logging_mixin.py:115} INFO - [2022-11-11 03:04:02,656] {dagbag.py:320} ERROR - Failed to import: /opt/airflow/dags/sample_dag.py
Traceback (most recent call last):
  File "/home/airflow/.local/lib/python3.7/site-packages/airflow/models/dagbag.py", line 317, in parse
    loader.exec_module(new_module)
  File "<frozen importlib._bootstrap_external>", line 728, in exec_module
  File "<frozen importlib._bootstrap>", line 219, in _call_with_frames_removed
  File "/opt/airflow/dags/sample_dag.py", line 50, in <module>
    t1 >> t2 >> t3
  File "/home/airflow/.local/lib/python3.7/site-packages/airflow/models/taskmixin.py", line 80, in __rshift__
    self.set_downstream(other)
  File "/home/airflow/.local/lib/python3.7/site-packages/airflow/models/taskmixin.py", line 233, in set_downstream
    self._set_relatives(task_or_task_list, upstream=False, edge_modifier=edge_modifier)
  File "/home/airflow/.local/lib/python3.7/site-packages/airflow/models/taskmixin.py", line 193, in _set_relatives
    f"Tried to create relationships between tasks that don't have DAGs yet. "
airflow.exceptions.AirflowException: Tried to create relationships between tasks that don't have DAGs yet. Set the DAG for at least one task and try again: [<Task(PythonOperator): Extract>, <Task(PythonOperator): Transform>]
[2022-11-11 03:04:02,660] {processor.py:653} WARNING - No viable dags retrieved from /opt/airflow/dags/sample_dag.py
[2022-11-11 03:04:02,690] {processor.py:161} INFO - Processing /opt/airflow/dags/sample_dag.py took 0.064 seconds
[2022-11-11 03:04:32,759] {processor.py:153} INFO - Started process (PID=193) to work on /opt/airflow/dags/sample_dag.py
[2022-11-11 03:04:32,760] {processor.py:641} INFO - Processing file /opt/airflow/dags/sample_dag.py for tasks to queue
[2022-11-11 03:04:32,762] {logging_mixin.py:115} INFO - [2022-11-11 03:04:32,762] {dagbag.py:507} INFO - Filling up the DagBag from /opt/airflow/dags/sample_dag.py
[2022-11-11 03:04:32,789] {logging_mixin.py:115} INFO - [2022-11-11 03:04:32,785] {dagbag.py:320} ERROR - Failed to import: /opt/airflow/dags/sample_dag.py
Traceback (most recent call last):
  File "/home/airflow/.local/lib/python3.7/site-packages/airflow/models/dagbag.py", line 317, in parse
    loader.exec_module(new_module)
  File "<frozen importlib._bootstrap_external>", line 728, in exec_module
  File "<frozen importlib._bootstrap>", line 219, in _call_with_frames_removed
  File "/opt/airflow/dags/sample_dag.py", line 50, in <module>
    t1 >> t2 >> t3
  File "/home/airflow/.local/lib/python3.7/site-packages/airflow/models/taskmixin.py", line 80, in __rshift__
    self.set_downstream(other)
  File "/home/airflow/.local/lib/python3.7/site-packages/airflow/models/taskmixin.py", line 233, in set_downstream
    self._set_relatives(task_or_task_list, upstream=False, edge_modifier=edge_modifier)
  File "/home/airflow/.local/lib/python3.7/site-packages/airflow/models/taskmixin.py", line 193, in _set_relatives
    f"Tried to create relationships between tasks that don't have DAGs yet. "
airflow.exceptions.AirflowException: Tried to create relationships between tasks that don't have DAGs yet. Set the DAG for at least one task and try again: [<Task(PythonOperator): Extract>, <Task(PythonOperator): Transform>]
[2022-11-11 03:04:32,790] {processor.py:653} WARNING - No viable dags retrieved from /opt/airflow/dags/sample_dag.py
[2022-11-11 03:04:32,825] {processor.py:161} INFO - Processing /opt/airflow/dags/sample_dag.py took 0.073 seconds
[2022-11-11 03:05:02,910] {processor.py:153} INFO - Started process (PID=198) to work on /opt/airflow/dags/sample_dag.py
[2022-11-11 03:05:02,914] {processor.py:641} INFO - Processing file /opt/airflow/dags/sample_dag.py for tasks to queue
[2022-11-11 03:05:02,916] {logging_mixin.py:115} INFO - [2022-11-11 03:05:02,916] {dagbag.py:507} INFO - Filling up the DagBag from /opt/airflow/dags/sample_dag.py
[2022-11-11 03:05:02,950] {logging_mixin.py:115} INFO - [2022-11-11 03:05:02,946] {dagbag.py:320} ERROR - Failed to import: /opt/airflow/dags/sample_dag.py
Traceback (most recent call last):
  File "/home/airflow/.local/lib/python3.7/site-packages/airflow/models/dagbag.py", line 317, in parse
    loader.exec_module(new_module)
  File "<frozen importlib._bootstrap_external>", line 728, in exec_module
  File "<frozen importlib._bootstrap>", line 219, in _call_with_frames_removed
  File "/opt/airflow/dags/sample_dag.py", line 50, in <module>
    t1 >> t2 >> t3
  File "/home/airflow/.local/lib/python3.7/site-packages/airflow/models/taskmixin.py", line 80, in __rshift__
    self.set_downstream(other)
  File "/home/airflow/.local/lib/python3.7/site-packages/airflow/models/taskmixin.py", line 233, in set_downstream
    self._set_relatives(task_or_task_list, upstream=False, edge_modifier=edge_modifier)
  File "/home/airflow/.local/lib/python3.7/site-packages/airflow/models/taskmixin.py", line 193, in _set_relatives
    f"Tried to create relationships between tasks that don't have DAGs yet. "
airflow.exceptions.AirflowException: Tried to create relationships between tasks that don't have DAGs yet. Set the DAG for at least one task and try again: [<Task(PythonOperator): Extract>, <Task(PythonOperator): Transform>]
[2022-11-11 03:05:02,953] {processor.py:653} WARNING - No viable dags retrieved from /opt/airflow/dags/sample_dag.py
[2022-11-11 03:05:02,993] {processor.py:161} INFO - Processing /opt/airflow/dags/sample_dag.py took 0.090 seconds
[2022-11-11 03:05:11,035] {processor.py:153} INFO - Started process (PID=203) to work on /opt/airflow/dags/sample_dag.py
[2022-11-11 03:05:11,040] {processor.py:641} INFO - Processing file /opt/airflow/dags/sample_dag.py for tasks to queue
[2022-11-11 03:05:11,046] {logging_mixin.py:115} INFO - [2022-11-11 03:05:11,045] {dagbag.py:507} INFO - Filling up the DagBag from /opt/airflow/dags/sample_dag.py
[2022-11-11 03:05:11,115] {processor.py:651} INFO - DAG(s) dict_keys(['first_sample_dag']) retrieved from /opt/airflow/dags/sample_dag.py
[2022-11-11 03:05:12,443] {logging_mixin.py:115} INFO - [2022-11-11 03:05:12,442] {manager.py:508} INFO - Created Permission View: can edit on DAG:first_sample_dag
[2022-11-11 03:05:12,496] {logging_mixin.py:115} INFO - [2022-11-11 03:05:12,496] {manager.py:508} INFO - Created Permission View: can delete on DAG:first_sample_dag
[2022-11-11 03:05:12,564] {logging_mixin.py:115} INFO - [2022-11-11 03:05:12,563] {manager.py:508} INFO - Created Permission View: can read on DAG:first_sample_dag
[2022-11-11 03:05:12,566] {logging_mixin.py:115} INFO - [2022-11-11 03:05:12,565] {dag.py:2371} INFO - Sync 1 DAGs
[2022-11-11 03:05:12,733] {logging_mixin.py:115} INFO - [2022-11-11 03:05:12,733] {dag.py:2390} INFO - Creating ORM DAG for first_sample_dag
[2022-11-11 03:05:12,783] {logging_mixin.py:115} INFO - [2022-11-11 03:05:12,783] {dag.py:2919} INFO - Setting next_dagrun for first_sample_dag to None, run_after=None
[2022-11-11 03:05:12,849] {processor.py:161} INFO - Processing /opt/airflow/dags/sample_dag.py took 1.824 seconds
[2022-11-11 03:06:25,289] {processor.py:153} INFO - Started process (PID=176) to work on /opt/airflow/dags/sample_dag.py
[2022-11-11 03:06:25,292] {processor.py:641} INFO - Processing file /opt/airflow/dags/sample_dag.py for tasks to queue
[2022-11-11 03:06:25,294] {logging_mixin.py:115} INFO - [2022-11-11 03:06:25,294] {dagbag.py:507} INFO - Filling up the DagBag from /opt/airflow/dags/sample_dag.py
[2022-11-11 03:06:25,323] {processor.py:651} INFO - DAG(s) dict_keys(['first_sample_dag']) retrieved from /opt/airflow/dags/sample_dag.py
[2022-11-11 03:06:25,439] {logging_mixin.py:115} INFO - [2022-11-11 03:06:25,439] {manager.py:508} INFO - Created Permission View: can edit on DAG:first_sample_dag
[2022-11-11 03:06:25,456] {logging_mixin.py:115} INFO - [2022-11-11 03:06:25,455] {manager.py:508} INFO - Created Permission View: can delete on DAG:first_sample_dag
[2022-11-11 03:06:25,470] {logging_mixin.py:115} INFO - [2022-11-11 03:06:25,470] {manager.py:508} INFO - Created Permission View: can read on DAG:first_sample_dag
[2022-11-11 03:06:25,472] {logging_mixin.py:115} INFO - [2022-11-11 03:06:25,472] {dag.py:2371} INFO - Sync 1 DAGs
[2022-11-11 03:06:25,486] {logging_mixin.py:115} INFO - [2022-11-11 03:06:25,485] {dag.py:2390} INFO - Creating ORM DAG for first_sample_dag
[2022-11-11 03:06:25,509] {logging_mixin.py:115} INFO - [2022-11-11 03:06:25,509] {dag.py:2919} INFO - Setting next_dagrun for first_sample_dag to None, run_after=None
[2022-11-11 03:06:25,544] {processor.py:161} INFO - Processing /opt/airflow/dags/sample_dag.py took 0.259 seconds
[2022-11-11 03:06:55,688] {processor.py:153} INFO - Started process (PID=181) to work on /opt/airflow/dags/sample_dag.py
[2022-11-11 03:06:55,690] {processor.py:641} INFO - Processing file /opt/airflow/dags/sample_dag.py for tasks to queue
[2022-11-11 03:06:55,692] {logging_mixin.py:115} INFO - [2022-11-11 03:06:55,692] {dagbag.py:507} INFO - Filling up the DagBag from /opt/airflow/dags/sample_dag.py
[2022-11-11 03:06:55,727] {processor.py:651} INFO - DAG(s) dict_keys(['first_sample_dag']) retrieved from /opt/airflow/dags/sample_dag.py
[2022-11-11 03:06:55,795] {logging_mixin.py:115} INFO - [2022-11-11 03:06:55,794] {dag.py:2371} INFO - Sync 1 DAGs
[2022-11-11 03:06:55,829] {logging_mixin.py:115} INFO - [2022-11-11 03:06:55,829] {dag.py:2919} INFO - Setting next_dagrun for first_sample_dag to None, run_after=None
[2022-11-11 03:06:55,848] {processor.py:161} INFO - Processing /opt/airflow/dags/sample_dag.py took 0.164 seconds
[2022-11-11 03:07:25,967] {processor.py:153} INFO - Started process (PID=186) to work on /opt/airflow/dags/sample_dag.py
[2022-11-11 03:07:25,969] {processor.py:641} INFO - Processing file /opt/airflow/dags/sample_dag.py for tasks to queue
[2022-11-11 03:07:25,970] {logging_mixin.py:115} INFO - [2022-11-11 03:07:25,970] {dagbag.py:507} INFO - Filling up the DagBag from /opt/airflow/dags/sample_dag.py
[2022-11-11 03:07:25,996] {processor.py:651} INFO - DAG(s) dict_keys(['first_sample_dag']) retrieved from /opt/airflow/dags/sample_dag.py
[2022-11-11 03:07:26,042] {logging_mixin.py:115} INFO - [2022-11-11 03:07:26,042] {dag.py:2371} INFO - Sync 1 DAGs
[2022-11-11 03:07:26,078] {logging_mixin.py:115} INFO - [2022-11-11 03:07:26,078] {dag.py:2919} INFO - Setting next_dagrun for first_sample_dag to None, run_after=None
[2022-11-11 03:07:26,102] {processor.py:161} INFO - Processing /opt/airflow/dags/sample_dag.py took 0.139 seconds
[2022-11-11 03:07:56,193] {processor.py:153} INFO - Started process (PID=191) to work on /opt/airflow/dags/sample_dag.py
[2022-11-11 03:07:56,195] {processor.py:641} INFO - Processing file /opt/airflow/dags/sample_dag.py for tasks to queue
[2022-11-11 03:07:56,201] {logging_mixin.py:115} INFO - [2022-11-11 03:07:56,200] {dagbag.py:507} INFO - Filling up the DagBag from /opt/airflow/dags/sample_dag.py
[2022-11-11 03:07:56,231] {processor.py:651} INFO - DAG(s) dict_keys(['first_sample_dag']) retrieved from /opt/airflow/dags/sample_dag.py
[2022-11-11 03:07:56,327] {logging_mixin.py:115} INFO - [2022-11-11 03:07:56,327] {dag.py:2371} INFO - Sync 1 DAGs
[2022-11-11 03:07:56,372] {logging_mixin.py:115} INFO - [2022-11-11 03:07:56,372] {dag.py:2919} INFO - Setting next_dagrun for first_sample_dag to None, run_after=None
[2022-11-11 03:07:56,389] {processor.py:161} INFO - Processing /opt/airflow/dags/sample_dag.py took 0.200 seconds
[2022-11-11 03:08:26,515] {processor.py:153} INFO - Started process (PID=196) to work on /opt/airflow/dags/sample_dag.py
[2022-11-11 03:08:26,518] {processor.py:641} INFO - Processing file /opt/airflow/dags/sample_dag.py for tasks to queue
[2022-11-11 03:08:26,522] {logging_mixin.py:115} INFO - [2022-11-11 03:08:26,522] {dagbag.py:507} INFO - Filling up the DagBag from /opt/airflow/dags/sample_dag.py
[2022-11-11 03:08:26,549] {processor.py:651} INFO - DAG(s) dict_keys(['first_sample_dag']) retrieved from /opt/airflow/dags/sample_dag.py
[2022-11-11 03:08:26,594] {logging_mixin.py:115} INFO - [2022-11-11 03:08:26,594] {dag.py:2371} INFO - Sync 1 DAGs
[2022-11-11 03:08:26,630] {logging_mixin.py:115} INFO - [2022-11-11 03:08:26,630] {dag.py:2919} INFO - Setting next_dagrun for first_sample_dag to None, run_after=None
[2022-11-11 03:08:26,652] {processor.py:161} INFO - Processing /opt/airflow/dags/sample_dag.py took 0.142 seconds
