[2022-11-11 01:50:05,045] {taskinstance.py:1159} INFO - Dependencies all met for <TaskInstance: first_sample_dag.print_hello_world manual__2022-11-11T01:50:02.759172+00:00 [queued]>
[2022-11-11 01:50:05,059] {taskinstance.py:1159} INFO - Dependencies all met for <TaskInstance: first_sample_dag.print_hello_world manual__2022-11-11T01:50:02.759172+00:00 [queued]>
[2022-11-11 01:50:05,060] {taskinstance.py:1356} INFO - 
--------------------------------------------------------------------------------
[2022-11-11 01:50:05,061] {taskinstance.py:1357} INFO - Starting attempt 1 of 1
[2022-11-11 01:50:05,062] {taskinstance.py:1358} INFO - 
--------------------------------------------------------------------------------
[2022-11-11 01:50:05,080] {taskinstance.py:1377} INFO - Executing <Task(BashOperator): print_hello_world> on 2022-11-11 01:50:02.759172+00:00
[2022-11-11 01:50:05,086] {standard_task_runner.py:52} INFO - Started process 212 to run task
[2022-11-11 01:50:05,094] {standard_task_runner.py:79} INFO - Running: ['***', 'tasks', 'run', 'first_sample_dag', 'print_hello_world', 'manual__2022-11-11T01:50:02.759172+00:00', '--job-id', '2', '--raw', '--subdir', 'DAGS_FOLDER/sample_dag.py', '--cfg-path', '/tmp/tmpw1cmhohy', '--error-file', '/tmp/tmpw4v8x1zq']
[2022-11-11 01:50:05,097] {standard_task_runner.py:80} INFO - Job 2: Subtask print_hello_world
[2022-11-11 01:50:05,178] {task_command.py:369} INFO - Running <TaskInstance: first_sample_dag.print_hello_world manual__2022-11-11T01:50:02.759172+00:00 [running]> on host 68514b754348
[2022-11-11 01:50:05,281] {taskinstance.py:1571} INFO - Exporting the following env vars:
AIRFLOW_CTX_DAG_OWNER=***
AIRFLOW_CTX_DAG_ID=first_sample_dag
AIRFLOW_CTX_TASK_ID=print_hello_world
AIRFLOW_CTX_EXECUTION_DATE=2022-11-11T01:50:02.759172+00:00
AIRFLOW_CTX_TRY_NUMBER=1
AIRFLOW_CTX_DAG_RUN_ID=manual__2022-11-11T01:50:02.759172+00:00
[2022-11-11 01:50:05,284] {subprocess.py:62} INFO - Tmp dir root location: 
 /tmp
[2022-11-11 01:50:05,287] {subprocess.py:74} INFO - Running command: ['bash', '-c', 'echo "HelloWorld!"']
[2022-11-11 01:50:05,302] {subprocess.py:85} INFO - Output:
[2022-11-11 01:50:05,306] {subprocess.py:92} INFO - HelloWorld!
[2022-11-11 01:50:05,310] {subprocess.py:96} INFO - Command exited with return code 0
[2022-11-11 01:50:05,364] {taskinstance.py:1400} INFO - Marking task as SUCCESS. dag_id=first_sample_dag, task_id=print_hello_world, execution_date=20221111T015002, start_date=20221111T015005, end_date=20221111T015005
[2022-11-11 01:50:05,428] {local_task_job.py:156} INFO - Task exited with return code 0
[2022-11-11 01:50:05,482] {local_task_job.py:273} INFO - 1 downstream tasks scheduled from follow-on schedule check
